<html xmlns:math="http://exslt.org/math" xmlns:testng="http://testng.org">
   <head>
      <title>TestNG Results</title>
      <meta http-equiv="content-type" content="text/html; charset=utf-8"></meta>
      <meta http-equiv="pragma" content="no-cache"></meta>
      <meta http-equiv="cache-control" content="max-age=0"></meta>
      <meta http-equiv="cache-control" content="no-cache"></meta>
      <meta http-equiv="cache-control" content="no-store"></meta>
      <LINK rel="stylesheet" href="style.css"></LINK>
      <script type="text/javascript" src="main.js"></script>
   </head>
   <body>
      <table width="100%" style="font-size: 16px; margin-bottom: 10px;" cellspacing="1">
         <tr>
            <td width="100%">
               Test case
               
               <b>Firefox test</b>
            </td>
            <td style="background-color: #FFBBBB; padding: 3px 3px 3px 0;" align="center">
               <div style="width: 50px;">3</div>
            </td>
            <td style="background-color: lightgreen; padding: 3px 3px 3px 0;" align="center">
               <div style="width: 50px;">1</div>
            </td>
            <td style="background-color: #FFFFBB; padding: 3px 3px 3px 0;" align="center">
               <div style="width: 50px;">1</div>
            </td>
            <td align="center" style="background-color: #eaf0f7; padding: 3px 3px 3px 0;">
               <div style="width: 50px;">5</div>
            </td>
            <td align="center"
                style="font-weight: bold; background-color: #eaf0f7; padding: 3px 3px 3px 0;">
               <div style="width: 50px;">20%</div>
            </td>
            <td style="background-color: #eaf0f7; padding: 3px 3px 3px 0;" align="center"
                nowrap="true">55s
               
            </td>
         </tr>
      </table>
      <div style="width: 200px;">
         <label for="groupMethodsCheckBox" style="font-weight: bold; margin: 0;">
            <input id="groupMethodsCheckBox" type="checkbox" onclick="switchTestMethodsView(this)"></input>
            Group by class
            
         </label>
         <br></br>
         <label for="methodsFilter_ALL" style="font-weight: bold; margin: 0;">
            <input id="methodsFilter_ALL" type="checkbox"
                   onclick="testMethodsFilterChanged(this, 'ALL')"></input>
            All
            
         </label>
      </div>
      <label for="methodsFilter_FAIL" style="margin-left: 20px;">
         <input id="methodsFilter_FAIL" type="checkbox"
                onclick="testMethodsFilterChanged(this, 'FAIL')"
                checked=""></input>
         Failed
         
      </label>
      <label for="methodsFilter_PASS">
         <input id="methodsFilter_PASS" type="checkbox"
                onclick="testMethodsFilterChanged(this, 'PASS')"
                checked=""></input>
         Passed
         
      </label>
      <label for="methodsFilter_SKIP">
         <input id="methodsFilter_SKIP" type="checkbox"
                onclick="testMethodsFilterChanged(this, 'SKIP')"
                checked=""></input>
         Skipped
         
      </label>
      <label for="methodsFilter_CONF">
         <input id="methodsFilter_CONF" type="checkbox"
                onclick="testMethodsFilterChanged(this, 'CONF')"></input>
         Config
         
      </label>
      <br></br>
      <div id="testMethodsByStatus">
         <table class="testMethodsTable" cellpadding="0" cellspacing="0">
            <tr class="methodsTableHeader">
               <td width="100%">Name</td>
               <td nowrap="true">Started</td>
               <td nowrap="true">Duration</td>
               <td>Exception</td>
            </tr>
            <tr id="test_fbLogin.TC1_LoginWithInvalidCredential_test_fbLoginWithInvalidCredential_byStatus_failed_FAIL1_row"
                class="testMethodStatusFAIL">
               <td width="100%" class="firstMethodCell">
                  <a onclick="toggleDetailsVisibility('test_fbLogin.TC1_LoginWithInvalidCredential_test_fbLoginWithInvalidCredential_byStatus_failed_FAIL1_details')">test_fbLoginWithInvalidCredential()</a>
               </td>
               <td nowrap="true">11:45:35</td>
               <td nowrap="true" align="right">475 ms
                  
               </td>
               <td nowrap="true">
                  <a onclick="toggleDetailsVisibility('test_fbLogin.TC1_LoginWithInvalidCredential_test_fbLoginWithInvalidCredential_byStatus_failed_FAIL1_exception')">org.openqa.selenium.NoSuchElementException: 
                     Unable to locate element: //*[@id='u_0_3']
                     For documentation on this error, please visit: http://seleniumhq.org/exceptions/no_such_element.html
                     Build info: version: '3.14.0', revision: 'aacccce0', time: '2018-08-02T20:05:20.749Z'
                     System info: host: 'DESKTOP-D7B0KO9', ip: '192.168.1.27', os.name: 'Windows 10', os.arch: 'amd64', os.version: '10.0', java.version:
                     '1.8.0_172'
                     Driver info: org.openqa.selenium.firefox.FirefoxDriver
                     Capabilities {acceptInsecureCerts: true, browserName: firefox, browserVersion: 63.0.3, javascriptEnabled: true, moz:accessibilityChecks:
                     false, moz:geckodriverVersion: 0.23.0, moz:headless: false, moz:processID: 3340, moz:profile: C:\Users\talentTEK\AppData\...,
                     moz:useNonSpecCompliantPointerOrigin: false, moz:webdriverClick: true, pageLoadStrategy: normal, platform: WINDOWS, platformName:
                     WINDOWS, platformVersion: 10.0, rotatable: false, setWindowRect: true, timeouts: {implicit: 0, pageLoad: 300000, script: 30000},
                     unhandledPromptBehavior: dismiss and notify}
                     Session ID: 8fb618b9-0a94-40f1-abe3-3e6d3ef7e0be
                     *** Element info: {Using=xpath, value=//*[@id='u_0_3']}
                     
                  </a>
                   
                  
               </td>
            </tr>
            <tr>
               <td colspan="4" class="detailsBox">
                  <div id="test_fbLogin.TC1_LoginWithInvalidCredential_test_fbLoginWithInvalidCredential_byStatus_failed_FAIL1_details"
                       class="testMethodDetails">
                     <div>
                        <b>Name: </b>test_fbLoginWithInvalidCredential
                     </div>
                     <div>
                        <b>Signature: </b>test_fbLoginWithInvalidCredential()[pri:0, instance:test_fbLogin.TC1_LoginWithInvalidCredential@546a03af]
                     </div>
                     <div>
                        <b>Start time: </b>11:45:35
                     </div>
                     <div>
                        <b>End time: </b>11:45:36
                     </div>
                     <div>
                        <b>Duration: </b>475 ms
                        
                     </div>
                  </div>
               </td>
            </tr>
            <tr>
               <td colspan="4" class="detailsBox">
                  <div id="test_fbLogin.TC1_LoginWithInvalidCredential_test_fbLoginWithInvalidCredential_byStatus_failed_FAIL1_exception"
                       class="testMethodDetails">
                     <pre style="padding: 5px; margin: 0;">org.openqa.selenium.NoSuchElementException: Unable to locate element: //*[@id='u_0_3']
                        For documentation on this error, please visit: http://seleniumhq.org/exceptions/no_such_element.html
                        Build info: version: '3.14.0', revision: 'aacccce0', time: '2018-08-02T20:05:20.749Z'
                        System info: host: 'DESKTOP-D7B0KO9', ip: '192.168.1.27', os.name: 'Windows 10', os.arch: 'amd64', os.version: '10.0', java.version:
                        '1.8.0_172'
                        Driver info: org.openqa.selenium.firefox.FirefoxDriver
                        Capabilities {acceptInsecureCerts: true, browserName: firefox, browserVersion: 63.0.3, javascriptEnabled: true, moz:accessibilityChecks:
                        false, moz:geckodriverVersion: 0.23.0, moz:headless: false, moz:processID: 3340, moz:profile: C:\Users\talentTEK\AppData\...,
                        moz:useNonSpecCompliantPointerOrigin: false, moz:webdriverClick: true, pageLoadStrategy: normal, platform: WINDOWS, platformName:
                        WINDOWS, platformVersion: 10.0, rotatable: false, setWindowRect: true, timeouts: {implicit: 0, pageLoad: 300000, script: 30000},
                        unhandledPromptBehavior: dismiss and notify}
                        Session ID: 8fb618b9-0a94-40f1-abe3-3e6d3ef7e0be
                        *** Element info: {Using=xpath, value=//*[@id='u_0_3']}
                        	at sun.reflect.NativeConstructorAccessorImpl.newInstance0(Native Method)
                        	at sun.reflect.NativeConstructorAccessorImpl.newInstance(Unknown Source)
                        	at sun.reflect.DelegatingConstructorAccessorImpl.newInstance(Unknown Source)
                        	at java.lang.reflect.Constructor.newInstance(Unknown Source)
                        	at org.openqa.selenium.remote.http.W3CHttpResponseCodec.createException(W3CHttpResponseCodec.java:187)
                        	at org.openqa.selenium.remote.http.W3CHttpResponseCodec.decode(W3CHttpResponseCodec.java:122)
                        	at org.openqa.selenium.remote.http.W3CHttpResponseCodec.decode(W3CHttpResponseCodec.java:49)
                        	at org.openqa.selenium.remote.HttpCommandExecutor.execute(HttpCommandExecutor.java:158)
                        	at org.openqa.selenium.remote.service.DriverCommandExecutor.execute(DriverCommandExecutor.java:83)
                        	at org.openqa.selenium.remote.RemoteWebDriver.execute(RemoteWebDriver.java:548)
                        	at org.openqa.selenium.remote.RemoteWebDriver.findElement(RemoteWebDriver.java:322)
                        	at org.openqa.selenium.remote.RemoteWebDriver.findElementByXPath(RemoteWebDriver.java:424)
                        	at org.openqa.selenium.By$ByXPath.findElement(By.java:353)
                        	at org.openqa.selenium.remote.RemoteWebDriver.findElement(RemoteWebDriver.java:314)
                        	at utils.SWDFunctions.clickByXpath(SWDFunctions.java:33)
                        	at test_fbLogin.TC1_LoginWithInvalidCredential.test_fbLoginWithInvalidCredential(TC1_LoginWithInvalidCredential.java:23)
                        	at sun.reflect.NativeMethodAccessorImpl.invoke0(Native Method)
                        	at sun.reflect.NativeMethodAccessorImpl.invoke(Unknown Source)
                        	at sun.reflect.DelegatingMethodAccessorImpl.invoke(Unknown Source)
                        	at java.lang.reflect.Method.invoke(Unknown Source)
                        	at org.testng.internal.MethodInvocationHelper.invokeMethod(MethodInvocationHelper.java:85)
                        	at org.testng.internal.Invoker.invokeMethod(Invoker.java:639)
                        	at org.testng.internal.Invoker.invokeTestMethod(Invoker.java:816)
                        	at org.testng.internal.Invoker.invokeTestMethods(Invoker.java:1124)
                        	at org.testng.internal.TestMethodWorker.invokeTestMethods(TestMethodWorker.java:125)
                        	at org.testng.internal.TestMethodWorker.run(TestMethodWorker.java:108)
                        	at org.testng.TestRunner.privateRun(TestRunner.java:774)
                        	at org.testng.TestRunner.run(TestRunner.java:624)
                        	at org.testng.SuiteRunner.runTest(SuiteRunner.java:359)
                        	at org.testng.SuiteRunner.runSequentially(SuiteRunner.java:354)
                        	at org.testng.SuiteRunner.privateRun(SuiteRunner.java:312)
                        	at org.testng.SuiteRunner.run(SuiteRunner.java:261)
                        	at org.testng.SuiteRunnerWorker.runSuite(SuiteRunnerWorker.java:52)
                        	at org.testng.SuiteRunnerWorker.run(SuiteRunnerWorker.java:86)
                        	at org.testng.TestNG.runSuitesSequentially(TestNG.java:1215)
                        	at org.testng.TestNG.runSuitesLocally(TestNG.java:1140)
                        	at org.testng.TestNG.run(TestNG.java:1048)
                        	at org.testng.TestNG.privateMain(TestNG.java:1355)
                        	at org.testng.TestNG.main(TestNG.java:1324)
                     </pre>
                  </div>
               </td>
            </tr>
            <tr id="test_fbLogin.TC1_LoginWithInvalidCredential_closeDriver_byStatus_failed_FAIL2_row"
                class="testMethodStatusFAIL testMethodStatusCONF">
               <td width="100%" class="firstMethodCell">
                  <a onclick="toggleDetailsVisibility('test_fbLogin.TC1_LoginWithInvalidCredential_closeDriver_byStatus_failed_FAIL2_details')">closeDriver()</a>
               </td>
               <td nowrap="true">11:46:23</td>
               <td nowrap="true" align="right">0 ms
                  
               </td>
               <td nowrap="true">
                  <a onclick="toggleDetailsVisibility('test_fbLogin.TC1_LoginWithInvalidCredential_closeDriver_byStatus_failed_FAIL2_exception')">org.openqa.selenium.NoSuchSessionException: 
                     Tried to run command without establishing a connection
                     Build info: version: '3.14.0', revision: 'aacccce0', time: '2018-08-02T20:05:20.749Z'
                     System info: host: 'DESKTOP-D7B0KO9', ip: '192.168.1.27', os.name: 'Windows 10', os.arch: 'amd64', os.version: '10.0', java.version:
                     '1.8.0_172'
                     Driver info: org.openqa.selenium.firefox.FirefoxDriver
                     Capabilities {acceptInsecureCerts: true, browserName: firefox, browserVersion: 63.0.3, javascriptEnabled: true, moz:accessibilityChecks:
                     false, moz:geckodriverVersion: 0.23.0, moz:headless: false, moz:processID: 3340, moz:profile: C:\Users\talentTEK\AppData\...,
                     moz:useNonSpecCompliantPointerOrigin: false, moz:webdriverClick: true, pageLoadStrategy: normal, platform: WINDOWS, platformName:
                     WINDOWS, platformVersion: 10.0, rotatable: false, setWindowRect: true, timeouts: {implicit: 0, pageLoad: 300000, script: 30000},
                     unhandledPromptBehavior: dismiss and notify}
                     Session ID: 8fb618b9-0a94-40f1-abe3-3e6d3ef7e0be
                     
                  </a>
                   
                  
               </td>
            </tr>
            <tr>
               <td colspan="4" class="detailsBox">
                  <div id="test_fbLogin.TC1_LoginWithInvalidCredential_closeDriver_byStatus_failed_FAIL2_details"
                       class="testMethodDetails">
                     <div>
                        <b>Name: </b>closeDriver
                     </div>
                     <div>
                        <b>Signature: </b>closeDriver()[pri:0, instance:test_fbLogin.TC1_LoginWithInvalidCredential@546a03af]
                     </div>
                     <div>
                        <b>Start time: </b>11:46:23
                     </div>
                     <div>
                        <b>End time: </b>11:46:23
                     </div>
                     <div>
                        <b>Duration: </b>0 ms
                        
                     </div>
                  </div>
               </td>
            </tr>
            <tr>
               <td colspan="4" class="detailsBox">
                  <div id="test_fbLogin.TC1_LoginWithInvalidCredential_closeDriver_byStatus_failed_FAIL2_exception"
                       class="testMethodDetails">
                     <pre style="padding: 5px; margin: 0;">org.openqa.selenium.NoSuchSessionException: Tried to run command without establishing a connection
                        Build info: version: '3.14.0', revision: 'aacccce0', time: '2018-08-02T20:05:20.749Z'
                        System info: host: 'DESKTOP-D7B0KO9', ip: '192.168.1.27', os.name: 'Windows 10', os.arch: 'amd64', os.version: '10.0', java.version:
                        '1.8.0_172'
                        Driver info: org.openqa.selenium.firefox.FirefoxDriver
                        Capabilities {acceptInsecureCerts: true, browserName: firefox, browserVersion: 63.0.3, javascriptEnabled: true, moz:accessibilityChecks:
                        false, moz:geckodriverVersion: 0.23.0, moz:headless: false, moz:processID: 3340, moz:profile: C:\Users\talentTEK\AppData\...,
                        moz:useNonSpecCompliantPointerOrigin: false, moz:webdriverClick: true, pageLoadStrategy: normal, platform: WINDOWS, platformName:
                        WINDOWS, platformVersion: 10.0, rotatable: false, setWindowRect: true, timeouts: {implicit: 0, pageLoad: 300000, script: 30000},
                        unhandledPromptBehavior: dismiss and notify}
                        Session ID: 8fb618b9-0a94-40f1-abe3-3e6d3ef7e0be
                        	at sun.reflect.NativeConstructorAccessorImpl.newInstance0(Native Method)
                        	at sun.reflect.NativeConstructorAccessorImpl.newInstance(Unknown Source)
                        	at sun.reflect.DelegatingConstructorAccessorImpl.newInstance(Unknown Source)
                        	at java.lang.reflect.Constructor.newInstance(Unknown Source)
                        	at org.openqa.selenium.remote.http.W3CHttpResponseCodec.createException(W3CHttpResponseCodec.java:187)
                        	at org.openqa.selenium.remote.http.W3CHttpResponseCodec.decode(W3CHttpResponseCodec.java:122)
                        	at org.openqa.selenium.remote.http.W3CHttpResponseCodec.decode(W3CHttpResponseCodec.java:49)
                        	at org.openqa.selenium.remote.HttpCommandExecutor.execute(HttpCommandExecutor.java:158)
                        	at org.openqa.selenium.remote.service.DriverCommandExecutor.execute(DriverCommandExecutor.java:83)
                        	at org.openqa.selenium.remote.RemoteWebDriver.execute(RemoteWebDriver.java:548)
                        	at org.openqa.selenium.remote.RemoteWebDriver.execute(RemoteWebDriver.java:605)
                        	at org.openqa.selenium.remote.RemoteWebDriver.quit(RemoteWebDriver.java:448)
                        	at base.config.closeDriver(config.java:47)
                        	at sun.reflect.NativeMethodAccessorImpl.invoke0(Native Method)
                        	at sun.reflect.NativeMethodAccessorImpl.invoke(Unknown Source)
                        	at sun.reflect.DelegatingMethodAccessorImpl.invoke(Unknown Source)
                        	at java.lang.reflect.Method.invoke(Unknown Source)
                        	at org.testng.internal.MethodInvocationHelper.invokeMethod(MethodInvocationHelper.java:85)
                        	at org.testng.internal.Invoker.invokeConfigurationMethod(Invoker.java:510)
                        	at org.testng.internal.Invoker.invokeConfigurations(Invoker.java:211)
                        	at org.testng.internal.Invoker.invokeConfigurations(Invoker.java:138)
                        	at org.testng.TestRunner.afterRun(TestRunner.java:1023)
                        	at org.testng.TestRunner.run(TestRunner.java:628)
                        	at org.testng.SuiteRunner.runTest(SuiteRunner.java:359)
                        	at org.testng.SuiteRunner.runSequentially(SuiteRunner.java:354)
                        	at org.testng.SuiteRunner.privateRun(SuiteRunner.java:312)
                        	at org.testng.SuiteRunner.run(SuiteRunner.java:261)
                        	at org.testng.SuiteRunnerWorker.runSuite(SuiteRunnerWorker.java:52)
                        	at org.testng.SuiteRunnerWorker.run(SuiteRunnerWorker.java:86)
                        	at org.testng.TestNG.runSuitesSequentially(TestNG.java:1215)
                        	at org.testng.TestNG.runSuitesLocally(TestNG.java:1140)
                        	at org.testng.TestNG.run(TestNG.java:1048)
                        	at org.testng.TestNG.privateMain(TestNG.java:1355)
                        	at org.testng.TestNG.main(TestNG.java:1324)
                     </pre>
                  </div>
               </td>
            </tr>
            <tr id="test_fbLogin.TC2_LoginWithInvalidPassword_test_fbLoginWithInvalidPassword_byStatus_failed_FAIL3_row"
                class="testMethodStatusFAIL">
               <td width="100%" class="firstMethodCell">
                  <a onclick="toggleDetailsVisibility('test_fbLogin.TC2_LoginWithInvalidPassword_test_fbLoginWithInvalidPassword_byStatus_failed_FAIL3_details')">test_fbLoginWithInvalidPassword()</a>
               </td>
               <td nowrap="true">11:45:59</td>
               <td nowrap="true" align="right">465 ms
                  
               </td>
               <td nowrap="true">
                  <a onclick="toggleDetailsVisibility('test_fbLogin.TC2_LoginWithInvalidPassword_test_fbLoginWithInvalidPassword_byStatus_failed_FAIL3_exception')">org.openqa.selenium.NoSuchElementException: 
                     Unable to locate element: //*[@id='u_0_3']
                     For documentation on this error, please visit: http://seleniumhq.org/exceptions/no_such_element.html
                     Build info: version: '3.14.0', revision: 'aacccce0', time: '2018-08-02T20:05:20.749Z'
                     System info: host: 'DESKTOP-D7B0KO9', ip: '192.168.1.27', os.name: 'Windows 10', os.arch: 'amd64', os.version: '10.0', java.version:
                     '1.8.0_172'
                     Driver info: org.openqa.selenium.firefox.FirefoxDriver
                     Capabilities {acceptInsecureCerts: true, browserName: firefox, browserVersion: 63.0.3, javascriptEnabled: true, moz:accessibilityChecks:
                     false, moz:geckodriverVersion: 0.23.0, moz:headless: false, moz:processID: 14148, moz:profile: C:\Users\talentTEK\AppData\...,
                     moz:useNonSpecCompliantPointerOrigin: false, moz:webdriverClick: true, pageLoadStrategy: normal, platform: WINDOWS, platformName:
                     WINDOWS, platformVersion: 10.0, rotatable: false, setWindowRect: true, timeouts: {implicit: 0, pageLoad: 300000, script: 30000},
                     unhandledPromptBehavior: dismiss and notify}
                     Session ID: 4598cf75-42ae-4108-83e3-0d934c135343
                     *** Element info: {Using=xpath, value=//*[@id='u_0_3']}
                     
                  </a>
                   
                  
               </td>
            </tr>
            <tr>
               <td colspan="4" class="detailsBox">
                  <div id="test_fbLogin.TC2_LoginWithInvalidPassword_test_fbLoginWithInvalidPassword_byStatus_failed_FAIL3_details"
                       class="testMethodDetails">
                     <div>
                        <b>Name: </b>test_fbLoginWithInvalidPassword
                     </div>
                     <div>
                        <b>Signature: </b>test_fbLoginWithInvalidPassword()[pri:0, instance:test_fbLogin.TC2_LoginWithInvalidPassword@721e0f4f]
                     </div>
                     <div>
                        <b>Start time: </b>11:45:59
                     </div>
                     <div>
                        <b>End time: </b>11:46:00
                     </div>
                     <div>
                        <b>Duration: </b>465 ms
                        
                     </div>
                  </div>
               </td>
            </tr>
            <tr>
               <td colspan="4" class="detailsBox">
                  <div id="test_fbLogin.TC2_LoginWithInvalidPassword_test_fbLoginWithInvalidPassword_byStatus_failed_FAIL3_exception"
                       class="testMethodDetails">
                     <pre style="padding: 5px; margin: 0;">org.openqa.selenium.NoSuchElementException: Unable to locate element: //*[@id='u_0_3']
                        For documentation on this error, please visit: http://seleniumhq.org/exceptions/no_such_element.html
                        Build info: version: '3.14.0', revision: 'aacccce0', time: '2018-08-02T20:05:20.749Z'
                        System info: host: 'DESKTOP-D7B0KO9', ip: '192.168.1.27', os.name: 'Windows 10', os.arch: 'amd64', os.version: '10.0', java.version:
                        '1.8.0_172'
                        Driver info: org.openqa.selenium.firefox.FirefoxDriver
                        Capabilities {acceptInsecureCerts: true, browserName: firefox, browserVersion: 63.0.3, javascriptEnabled: true, moz:accessibilityChecks:
                        false, moz:geckodriverVersion: 0.23.0, moz:headless: false, moz:processID: 14148, moz:profile: C:\Users\talentTEK\AppData\...,
                        moz:useNonSpecCompliantPointerOrigin: false, moz:webdriverClick: true, pageLoadStrategy: normal, platform: WINDOWS, platformName:
                        WINDOWS, platformVersion: 10.0, rotatable: false, setWindowRect: true, timeouts: {implicit: 0, pageLoad: 300000, script: 30000},
                        unhandledPromptBehavior: dismiss and notify}
                        Session ID: 4598cf75-42ae-4108-83e3-0d934c135343
                        *** Element info: {Using=xpath, value=//*[@id='u_0_3']}
                        	at sun.reflect.NativeConstructorAccessorImpl.newInstance0(Native Method)
                        	at sun.reflect.NativeConstructorAccessorImpl.newInstance(Unknown Source)
                        	at sun.reflect.DelegatingConstructorAccessorImpl.newInstance(Unknown Source)
                        	at java.lang.reflect.Constructor.newInstance(Unknown Source)
                        	at org.openqa.selenium.remote.http.W3CHttpResponseCodec.createException(W3CHttpResponseCodec.java:187)
                        	at org.openqa.selenium.remote.http.W3CHttpResponseCodec.decode(W3CHttpResponseCodec.java:122)
                        	at org.openqa.selenium.remote.http.W3CHttpResponseCodec.decode(W3CHttpResponseCodec.java:49)
                        	at org.openqa.selenium.remote.HttpCommandExecutor.execute(HttpCommandExecutor.java:158)
                        	at org.openqa.selenium.remote.service.DriverCommandExecutor.execute(DriverCommandExecutor.java:83)
                        	at org.openqa.selenium.remote.RemoteWebDriver.execute(RemoteWebDriver.java:548)
                        	at org.openqa.selenium.remote.RemoteWebDriver.findElement(RemoteWebDriver.java:322)
                        	at org.openqa.selenium.remote.RemoteWebDriver.findElementByXPath(RemoteWebDriver.java:424)
                        	at org.openqa.selenium.By$ByXPath.findElement(By.java:353)
                        	at org.openqa.selenium.remote.RemoteWebDriver.findElement(RemoteWebDriver.java:314)
                        	at utils.SWDFunctions.clickByXpath(SWDFunctions.java:33)
                        	at test_fbLogin.TC2_LoginWithInvalidPassword.test_fbLoginWithInvalidPassword(TC2_LoginWithInvalidPassword.java:23)
                        	at sun.reflect.NativeMethodAccessorImpl.invoke0(Native Method)
                        	at sun.reflect.NativeMethodAccessorImpl.invoke(Unknown Source)
                        	at sun.reflect.DelegatingMethodAccessorImpl.invoke(Unknown Source)
                        	at java.lang.reflect.Method.invoke(Unknown Source)
                        	at org.testng.internal.MethodInvocationHelper.invokeMethod(MethodInvocationHelper.java:85)
                        	at org.testng.internal.Invoker.invokeMethod(Invoker.java:639)
                        	at org.testng.internal.Invoker.invokeTestMethod(Invoker.java:816)
                        	at org.testng.internal.Invoker.invokeTestMethods(Invoker.java:1124)
                        	at org.testng.internal.TestMethodWorker.invokeTestMethods(TestMethodWorker.java:125)
                        	at org.testng.internal.TestMethodWorker.run(TestMethodWorker.java:108)
                        	at org.testng.TestRunner.privateRun(TestRunner.java:774)
                        	at org.testng.TestRunner.run(TestRunner.java:624)
                        	at org.testng.SuiteRunner.runTest(SuiteRunner.java:359)
                        	at org.testng.SuiteRunner.runSequentially(SuiteRunner.java:354)
                        	at org.testng.SuiteRunner.privateRun(SuiteRunner.java:312)
                        	at org.testng.SuiteRunner.run(SuiteRunner.java:261)
                        	at org.testng.SuiteRunnerWorker.runSuite(SuiteRunnerWorker.java:52)
                        	at org.testng.SuiteRunnerWorker.run(SuiteRunnerWorker.java:86)
                        	at org.testng.TestNG.runSuitesSequentially(TestNG.java:1215)
                        	at org.testng.TestNG.runSuitesLocally(TestNG.java:1140)
                        	at org.testng.TestNG.run(TestNG.java:1048)
                        	at org.testng.TestNG.privateMain(TestNG.java:1355)
                        	at org.testng.TestNG.main(TestNG.java:1324)
                     </pre>
                  </div>
               </td>
            </tr>
            <tr id="test_fbSignup.CreateFBAccount_verifyDropdownFuntionlity_byStatus_failed_FAIL4_row"
                class="testMethodStatusFAIL">
               <td width="100%" class="firstMethodCell">
                  <a onclick="toggleDetailsVisibility('test_fbSignup.CreateFBAccount_verifyDropdownFuntionlity_byStatus_failed_FAIL4_details')">verifyDropdownFuntionlity()</a>
               </td>
               <td nowrap="true">11:46:07</td>
               <td nowrap="true" align="right">49 ms
                  
               </td>
               <td nowrap="true">
                  <a onclick="toggleDetailsVisibility('test_fbSignup.CreateFBAccount_verifyDropdownFuntionlity_byStatus_failed_FAIL4_exception')">org.openqa.selenium.InvalidSelectorException: 
                     Given css selector expression "#" is invalid: InvalidSelectorError: '#' is not a valid selector: "#"
                     For documentation on this error, please visit: http://seleniumhq.org/exceptions/invalid_selector_exception.html
                     Build info: version: '3.14.0', revision: 'aacccce0', time: '2018-08-02T20:05:20.749Z'
                     System info: host: 'DESKTOP-D7B0KO9', ip: '192.168.1.27', os.name: 'Windows 10', os.arch: 'amd64', os.version: '10.0', java.version:
                     '1.8.0_172'
                     Driver info: org.openqa.selenium.firefox.FirefoxDriver
                     Capabilities {acceptInsecureCerts: true, browserName: firefox, browserVersion: 63.0.3, javascriptEnabled: true, moz:accessibilityChecks:
                     false, moz:geckodriverVersion: 0.23.0, moz:headless: false, moz:processID: 14616, moz:profile: C:\Users\talentTEK\AppData\...,
                     moz:useNonSpecCompliantPointerOrigin: false, moz:webdriverClick: true, pageLoadStrategy: normal, platform: WINDOWS, platformName:
                     WINDOWS, platformVersion: 10.0, rotatable: false, setWindowRect: true, timeouts: {implicit: 0, pageLoad: 300000, script: 30000},
                     unhandledPromptBehavior: dismiss and notify}
                     Session ID: bf57baf1-0e36-4899-b33e-2f7b53de1b7a
                     *** Element info: {Using=id, value=}
                     
                  </a>
                   
                  
               </td>
            </tr>
            <tr>
               <td colspan="4" class="detailsBox">
                  <div id="test_fbSignup.CreateFBAccount_verifyDropdownFuntionlity_byStatus_failed_FAIL4_details"
                       class="testMethodDetails">
                     <div>
                        <b>Name: </b>verifyDropdownFuntionlity
                     </div>
                     <div>
                        <b>Signature: </b>verifyDropdownFuntionlity()[pri:0, instance:test_fbSignup.CreateFBAccount@28864e92]
                     </div>
                     <div>
                        <b>Start time: </b>11:46:07
                     </div>
                     <div>
                        <b>End time: </b>11:46:07
                     </div>
                     <div>
                        <b>Duration: </b>49 ms
                        
                     </div>
                  </div>
               </td>
            </tr>
            <tr>
               <td colspan="4" class="detailsBox">
                  <div id="test_fbSignup.CreateFBAccount_verifyDropdownFuntionlity_byStatus_failed_FAIL4_exception"
                       class="testMethodDetails">
                     <pre style="padding: 5px; margin: 0;">org.openqa.selenium.InvalidSelectorException: Given css selector expression "#" is invalid: InvalidSelectorError: '#' is not
                        a valid selector: "#"
                        For documentation on this error, please visit: http://seleniumhq.org/exceptions/invalid_selector_exception.html
                        Build info: version: '3.14.0', revision: 'aacccce0', time: '2018-08-02T20:05:20.749Z'
                        System info: host: 'DESKTOP-D7B0KO9', ip: '192.168.1.27', os.name: 'Windows 10', os.arch: 'amd64', os.version: '10.0', java.version:
                        '1.8.0_172'
                        Driver info: org.openqa.selenium.firefox.FirefoxDriver
                        Capabilities {acceptInsecureCerts: true, browserName: firefox, browserVersion: 63.0.3, javascriptEnabled: true, moz:accessibilityChecks:
                        false, moz:geckodriverVersion: 0.23.0, moz:headless: false, moz:processID: 14616, moz:profile: C:\Users\talentTEK\AppData\...,
                        moz:useNonSpecCompliantPointerOrigin: false, moz:webdriverClick: true, pageLoadStrategy: normal, platform: WINDOWS, platformName:
                        WINDOWS, platformVersion: 10.0, rotatable: false, setWindowRect: true, timeouts: {implicit: 0, pageLoad: 300000, script: 30000},
                        unhandledPromptBehavior: dismiss and notify}
                        Session ID: bf57baf1-0e36-4899-b33e-2f7b53de1b7a
                        *** Element info: {Using=id, value=}
                        	at sun.reflect.NativeConstructorAccessorImpl.newInstance0(Native Method)
                        	at sun.reflect.NativeConstructorAccessorImpl.newInstance(Unknown Source)
                        	at sun.reflect.DelegatingConstructorAccessorImpl.newInstance(Unknown Source)
                        	at java.lang.reflect.Constructor.newInstance(Unknown Source)
                        	at org.openqa.selenium.remote.http.W3CHttpResponseCodec.createException(W3CHttpResponseCodec.java:187)
                        	at org.openqa.selenium.remote.http.W3CHttpResponseCodec.decode(W3CHttpResponseCodec.java:122)
                        	at org.openqa.selenium.remote.http.W3CHttpResponseCodec.decode(W3CHttpResponseCodec.java:49)
                        	at org.openqa.selenium.remote.HttpCommandExecutor.execute(HttpCommandExecutor.java:158)
                        	at org.openqa.selenium.remote.service.DriverCommandExecutor.execute(DriverCommandExecutor.java:83)
                        	at org.openqa.selenium.remote.RemoteWebDriver.execute(RemoteWebDriver.java:548)
                        	at org.openqa.selenium.remote.RemoteWebDriver.findElement(RemoteWebDriver.java:322)
                        	at org.openqa.selenium.remote.RemoteWebDriver.findElementById(RemoteWebDriver.java:368)
                        	at org.openqa.selenium.By$ById.findElement(By.java:188)
                        	at org.openqa.selenium.remote.RemoteWebDriver.findElement(RemoteWebDriver.java:314)
                        	at utils.SWDFunctions.dropDownByIdUsingValue(SWDFunctions.java:44)
                        	at test_fbSignup.CreateFBAccount.verifyDropdownFuntionlity(CreateFBAccount.java:12)
                        	at sun.reflect.NativeMethodAccessorImpl.invoke0(Native Method)
                        	at sun.reflect.NativeMethodAccessorImpl.invoke(Unknown Source)
                        	at sun.reflect.DelegatingMethodAccessorImpl.invoke(Unknown Source)
                        	at java.lang.reflect.Method.invoke(Unknown Source)
                        	at org.testng.internal.MethodInvocationHelper.invokeMethod(MethodInvocationHelper.java:85)
                        	at org.testng.internal.Invoker.invokeMethod(Invoker.java:639)
                        	at org.testng.internal.Invoker.invokeTestMethod(Invoker.java:816)
                        	at org.testng.internal.Invoker.invokeTestMethods(Invoker.java:1124)
                        	at org.testng.internal.TestMethodWorker.invokeTestMethods(TestMethodWorker.java:125)
                        	at org.testng.internal.TestMethodWorker.run(TestMethodWorker.java:108)
                        	at org.testng.TestRunner.privateRun(TestRunner.java:774)
                        	at org.testng.TestRunner.run(TestRunner.java:624)
                        	at org.testng.SuiteRunner.runTest(SuiteRunner.java:359)
                        	at org.testng.SuiteRunner.runSequentially(SuiteRunner.java:354)
                        	at org.testng.SuiteRunner.privateRun(SuiteRunner.java:312)
                        	at org.testng.SuiteRunner.run(SuiteRunner.java:261)
                        	at org.testng.SuiteRunnerWorker.runSuite(SuiteRunnerWorker.java:52)
                        	at org.testng.SuiteRunnerWorker.run(SuiteRunnerWorker.java:86)
                        	at org.testng.TestNG.runSuitesSequentially(TestNG.java:1215)
                        	at org.testng.TestNG.runSuitesLocally(TestNG.java:1140)
                        	at org.testng.TestNG.run(TestNG.java:1048)
                        	at org.testng.TestNG.privateMain(TestNG.java:1355)
                        	at org.testng.TestNG.main(TestNG.java:1324)
                     </pre>
                  </div>
               </td>
            </tr>
            <tr id="test_fbLogin.TC1_LoginWithInvalidCredential_setUp_byStatus_passed_PASS1_row"
                class="testMethodStatusPASS testMethodStatusCONF">
               <td width="100%" class="firstMethodCell">
                  <a onclick="toggleDetailsVisibility('test_fbLogin.TC1_LoginWithInvalidCredential_setUp_byStatus_passed_PASS1_details')">setUp(ff)</a>
               </td>
               <td nowrap="true">11:45:29</td>
               <td nowrap="true" align="right">7s
                  
               </td>
               <td nowrap="true">
                   
                  
               </td>
            </tr>
            <tr>
               <td colspan="4" class="detailsBox">
                  <div id="test_fbLogin.TC1_LoginWithInvalidCredential_setUp_byStatus_passed_PASS1_details"
                       class="testMethodDetails">
                     <div>
                        <b>Name: </b>setUp
                     </div>
                     <div>
                        <b>Signature: </b>setUp(java.lang.String)[pri:0, instance:test_fbLogin.TC1_LoginWithInvalidCredential@546a03af]
                     </div>
                     <div>
                        <b>Parameters: </b>
                        
                        ff
                        
                        
                     </div>
                     <div>
                        <b>Start time: </b>11:45:29
                     </div>
                     <div>
                        <b>End time: </b>11:45:35
                     </div>
                     <div>
                        <b>Duration: </b>7s
                        
                     </div>
                  </div>
               </td>
            </tr>
            <tr></tr>
            <tr id="test_fbLogin.TC1_LoginWithInvalidCredential_tearDown_byStatus_passed_PASS2_row"
                class="testMethodStatusPASS testMethodStatusCONF">
               <td width="100%" class="firstMethodCell">
                  <a onclick="toggleDetailsVisibility('test_fbLogin.TC1_LoginWithInvalidCredential_tearDown_byStatus_passed_PASS2_details')">tearDown()</a>
               </td>
               <td nowrap="true">11:45:36</td>
               <td nowrap="true" align="right">1s
                  
               </td>
               <td nowrap="true">
                   
                  
               </td>
            </tr>
            <tr>
               <td colspan="4" class="detailsBox">
                  <div id="test_fbLogin.TC1_LoginWithInvalidCredential_tearDown_byStatus_passed_PASS2_details"
                       class="testMethodDetails">
                     <div>
                        <b>Name: </b>tearDown
                     </div>
                     <div>
                        <b>Signature: </b>tearDown()[pri:0, instance:test_fbLogin.TC1_LoginWithInvalidCredential@546a03af]
                     </div>
                     <div>
                        <b>Start time: </b>11:45:36
                     </div>
                     <div>
                        <b>End time: </b>11:45:37
                     </div>
                     <div>
                        <b>Duration: </b>1s
                        
                     </div>
                  </div>
               </td>
            </tr>
            <tr></tr>
            <tr id="test_fbLogin.TC2_LoginWithInvalidPassword_setUp_byStatus_passed_PASS3_row"
                class="testMethodStatusPASS testMethodStatusCONF">
               <td width="100%" class="firstMethodCell">
                  <a onclick="toggleDetailsVisibility('test_fbLogin.TC2_LoginWithInvalidPassword_setUp_byStatus_passed_PASS3_details')">setUp(ff)</a>
               </td>
               <td nowrap="true">11:45:37</td>
               <td nowrap="true" align="right">23s
                  
               </td>
               <td nowrap="true">
                   
                  
               </td>
            </tr>
            <tr>
               <td colspan="4" class="detailsBox">
                  <div id="test_fbLogin.TC2_LoginWithInvalidPassword_setUp_byStatus_passed_PASS3_details"
                       class="testMethodDetails">
                     <div>
                        <b>Name: </b>setUp
                     </div>
                     <div>
                        <b>Signature: </b>setUp(java.lang.String)[pri:0, instance:test_fbLogin.TC2_LoginWithInvalidPassword@721e0f4f]
                     </div>
                     <div>
                        <b>Parameters: </b>
                        
                        ff
                        
                        
                     </div>
                     <div>
                        <b>Start time: </b>11:45:37
                     </div>
                     <div>
                        <b>End time: </b>11:45:59
                     </div>
                     <div>
                        <b>Duration: </b>23s
                        
                     </div>
                  </div>
               </td>
            </tr>
            <tr></tr>
            <tr id="test_fbLogin.TC2_LoginWithInvalidPassword_tearDown_byStatus_passed_PASS4_row"
                class="testMethodStatusPASS testMethodStatusCONF">
               <td width="100%" class="firstMethodCell">
                  <a onclick="toggleDetailsVisibility('test_fbLogin.TC2_LoginWithInvalidPassword_tearDown_byStatus_passed_PASS4_details')">tearDown()</a>
               </td>
               <td nowrap="true">11:46:00</td>
               <td nowrap="true" align="right">1s
                  
               </td>
               <td nowrap="true">
                   
                  
               </td>
            </tr>
            <tr>
               <td colspan="4" class="detailsBox">
                  <div id="test_fbLogin.TC2_LoginWithInvalidPassword_tearDown_byStatus_passed_PASS4_details"
                       class="testMethodDetails">
                     <div>
                        <b>Name: </b>tearDown
                     </div>
                     <div>
                        <b>Signature: </b>tearDown()[pri:0, instance:test_fbLogin.TC2_LoginWithInvalidPassword@721e0f4f]
                     </div>
                     <div>
                        <b>Start time: </b>11:46:00
                     </div>
                     <div>
                        <b>End time: </b>11:46:01
                     </div>
                     <div>
                        <b>Duration: </b>1s
                        
                     </div>
                  </div>
               </td>
            </tr>
            <tr></tr>
            <tr id="test_fbSignup.CreateFBAccount_setUp_byStatus_passed_PASS5_row"
                class="testMethodStatusPASS testMethodStatusCONF">
               <td width="100%" class="firstMethodCell">
                  <a onclick="toggleDetailsVisibility('test_fbSignup.CreateFBAccount_setUp_byStatus_passed_PASS5_details')">setUp(ff)</a>
               </td>
               <td nowrap="true">11:46:01</td>
               <td nowrap="true" align="right">6s
                  
               </td>
               <td nowrap="true">
                   
                  
               </td>
            </tr>
            <tr>
               <td colspan="4" class="detailsBox">
                  <div id="test_fbSignup.CreateFBAccount_setUp_byStatus_passed_PASS5_details"
                       class="testMethodDetails">
                     <div>
                        <b>Name: </b>setUp
                     </div>
                     <div>
                        <b>Signature: </b>setUp(java.lang.String)[pri:0, instance:test_fbSignup.CreateFBAccount@28864e92]
                     </div>
                     <div>
                        <b>Parameters: </b>
                        
                        ff
                        
                        
                     </div>
                     <div>
                        <b>Start time: </b>11:46:01
                     </div>
                     <div>
                        <b>End time: </b>11:46:07
                     </div>
                     <div>
                        <b>Duration: </b>6s
                        
                     </div>
                  </div>
               </td>
            </tr>
            <tr></tr>
            <tr id="test_fbSignup.CreateFBAccount_tearDown_byStatus_passed_PASS6_row"
                class="testMethodStatusPASS testMethodStatusCONF">
               <td width="100%" class="firstMethodCell">
                  <a onclick="toggleDetailsVisibility('test_fbSignup.CreateFBAccount_tearDown_byStatus_passed_PASS6_details')">tearDown()</a>
               </td>
               <td nowrap="true">11:46:07</td>
               <td nowrap="true" align="right">1s
                  
               </td>
               <td nowrap="true">
                   
                  
               </td>
            </tr>
            <tr>
               <td colspan="4" class="detailsBox">
                  <div id="test_fbSignup.CreateFBAccount_tearDown_byStatus_passed_PASS6_details"
                       class="testMethodDetails">
                     <div>
                        <b>Name: </b>tearDown
                     </div>
                     <div>
                        <b>Signature: </b>tearDown()[pri:0, instance:test_fbSignup.CreateFBAccount@28864e92]
                     </div>
                     <div>
                        <b>Start time: </b>11:46:07
                     </div>
                     <div>
                        <b>End time: </b>11:46:08
                     </div>
                     <div>
                        <b>Duration: </b>1s
                        
                     </div>
                  </div>
               </td>
            </tr>
            <tr></tr>
            <tr id="test_assert.AssertTesting_setUp_byStatus_passed_PASS7_row"
                class="testMethodStatusPASS testMethodStatusCONF">
               <td width="100%" class="firstMethodCell">
                  <a onclick="toggleDetailsVisibility('test_assert.AssertTesting_setUp_byStatus_passed_PASS7_details')">setUp(ff)</a>
               </td>
               <td nowrap="true">11:46:08</td>
               <td nowrap="true" align="right">6s
                  
               </td>
               <td nowrap="true">
                   
                  
               </td>
            </tr>
            <tr>
               <td colspan="4" class="detailsBox">
                  <div id="test_assert.AssertTesting_setUp_byStatus_passed_PASS7_details"
                       class="testMethodDetails">
                     <div>
                        <b>Name: </b>setUp
                     </div>
                     <div>
                        <b>Signature: </b>setUp(java.lang.String)[pri:0, instance:test_assert.AssertTesting@6ea6d14e]
                     </div>
                     <div>
                        <b>Parameters: </b>
                        
                        ff
                        
                        
                     </div>
                     <div>
                        <b>Start time: </b>11:46:08
                     </div>
                     <div>
                        <b>End time: </b>11:46:14
                     </div>
                     <div>
                        <b>Duration: </b>6s
                        
                     </div>
                  </div>
               </td>
            </tr>
            <tr></tr>
            <tr id="test_assert.AssertTesting_testAssertion_byStatus_passed_PASS8_row"
                class="testMethodStatusPASS">
               <td width="100%" class="firstMethodCell">
                  <a onclick="toggleDetailsVisibility('test_assert.AssertTesting_testAssertion_byStatus_passed_PASS8_details')">testAssertion()</a>
               </td>
               <td nowrap="true">11:46:14</td>
               <td nowrap="true" align="right">151 ms
                  
               </td>
               <td nowrap="true">
                   
                  
               </td>
            </tr>
            <tr>
               <td colspan="4" class="detailsBox">
                  <div id="test_assert.AssertTesting_testAssertion_byStatus_passed_PASS8_details"
                       class="testMethodDetails">
                     <div>
                        <b>Name: </b>testAssertion
                     </div>
                     <div>
                        <b>Signature: </b>testAssertion()[pri:0, instance:test_assert.AssertTesting@6ea6d14e]
                     </div>
                     <div>
                        <b>Start time: </b>11:46:14
                     </div>
                     <div>
                        <b>End time: </b>11:46:14
                     </div>
                     <div>
                        <b>Duration: </b>151 ms
                        
                     </div>
                  </div>
               </td>
            </tr>
            <tr></tr>
            <tr id="test_assert.AssertTesting_tearDown_byStatus_passed_PASS9_row"
                class="testMethodStatusPASS testMethodStatusCONF">
               <td width="100%" class="firstMethodCell">
                  <a onclick="toggleDetailsVisibility('test_assert.AssertTesting_tearDown_byStatus_passed_PASS9_details')">tearDown()</a>
               </td>
               <td nowrap="true">11:46:14</td>
               <td nowrap="true" align="right">1s
                  
               </td>
               <td nowrap="true">
                   
                  
               </td>
            </tr>
            <tr>
               <td colspan="4" class="detailsBox">
                  <div id="test_assert.AssertTesting_tearDown_byStatus_passed_PASS9_details"
                       class="testMethodDetails">
                     <div>
                        <b>Name: </b>tearDown
                     </div>
                     <div>
                        <b>Signature: </b>tearDown()[pri:0, instance:test_assert.AssertTesting@6ea6d14e]
                     </div>
                     <div>
                        <b>Start time: </b>11:46:14
                     </div>
                     <div>
                        <b>End time: </b>11:46:16
                     </div>
                     <div>
                        <b>Duration: </b>1s
                        
                     </div>
                  </div>
               </td>
            </tr>
            <tr></tr>
            <tr id="test_assert.AssertTesting_setUp_byStatus_passed_PASS10_row"
                class="testMethodStatusPASS testMethodStatusCONF">
               <td width="100%" class="firstMethodCell">
                  <a onclick="toggleDetailsVisibility('test_assert.AssertTesting_setUp_byStatus_passed_PASS10_details')">setUp(ff)</a>
               </td>
               <td nowrap="true">11:46:16</td>
               <td nowrap="true" align="right">6s
                  
               </td>
               <td nowrap="true">
                   
                  
               </td>
            </tr>
            <tr>
               <td colspan="4" class="detailsBox">
                  <div id="test_assert.AssertTesting_setUp_byStatus_passed_PASS10_details"
                       class="testMethodDetails">
                     <div>
                        <b>Name: </b>setUp
                     </div>
                     <div>
                        <b>Signature: </b>setUp(java.lang.String)[pri:0, instance:test_assert.AssertTesting@6ea6d14e]
                     </div>
                     <div>
                        <b>Parameters: </b>
                        
                        ff
                        
                        
                     </div>
                     <div>
                        <b>Start time: </b>11:46:16
                     </div>
                     <div>
                        <b>End time: </b>11:46:22
                     </div>
                     <div>
                        <b>Duration: </b>6s
                        
                     </div>
                  </div>
               </td>
            </tr>
            <tr></tr>
            <tr id="test_assert.AssertTesting_tearDown_byStatus_passed_PASS11_row"
                class="testMethodStatusPASS testMethodStatusCONF">
               <td width="100%" class="firstMethodCell">
                  <a onclick="toggleDetailsVisibility('test_assert.AssertTesting_tearDown_byStatus_passed_PASS11_details')">tearDown()</a>
               </td>
               <td nowrap="true">11:46:22</td>
               <td nowrap="true" align="right">1s
                  
               </td>
               <td nowrap="true">
                   
                  
               </td>
            </tr>
            <tr>
               <td colspan="4" class="detailsBox">
                  <div id="test_assert.AssertTesting_tearDown_byStatus_passed_PASS11_details"
                       class="testMethodDetails">
                     <div>
                        <b>Name: </b>tearDown
                     </div>
                     <div>
                        <b>Signature: </b>tearDown()[pri:0, instance:test_assert.AssertTesting@6ea6d14e]
                     </div>
                     <div>
                        <b>Start time: </b>11:46:22
                     </div>
                     <div>
                        <b>End time: </b>11:46:23
                     </div>
                     <div>
                        <b>Duration: </b>1s
                        
                     </div>
                  </div>
               </td>
            </tr>
            <tr></tr>
            <tr id="test_assert.AssertTesting_testSoftAssert_byStatus_skiped_SKIP1_row"
                class="testMethodStatusSKIP">
               <td width="100%" class="firstMethodCell">
                  <a onclick="toggleDetailsVisibility('test_assert.AssertTesting_testSoftAssert_byStatus_skiped_SKIP1_details')">testSoftAssert()</a>
               </td>
               <td nowrap="true">11:46:22</td>
               <td nowrap="true" align="right">163 ms
                  
               </td>
               <td nowrap="true">
                  <a onclick="toggleDetailsVisibility('test_assert.AssertTesting_testSoftAssert_byStatus_skiped_SKIP1_exception')">org.testng.SkipException: 
                     Skipping it becuase this test case no longer needed: JIRA-1233
                     
                  </a>
                   
                  
               </td>
            </tr>
            <tr>
               <td colspan="4" class="detailsBox">
                  <div id="test_assert.AssertTesting_testSoftAssert_byStatus_skiped_SKIP1_details"
                       class="testMethodDetails">
                     <div>
                        <b>Name: </b>testSoftAssert
                     </div>
                     <div>
                        <b>Signature: </b>testSoftAssert()[pri:0, instance:test_assert.AssertTesting@6ea6d14e]
                     </div>
                     <div>
                        <b>Start time: </b>11:46:22
                     </div>
                     <div>
                        <b>End time: </b>11:46:22
                     </div>
                     <div>
                        <b>Duration: </b>163 ms
                        
                     </div>
                  </div>
               </td>
            </tr>
            <tr>
               <td colspan="4" class="detailsBox">
                  <div id="test_assert.AssertTesting_testSoftAssert_byStatus_skiped_SKIP1_exception"
                       class="testMethodDetails">
                     <pre style="padding: 5px; margin: 0;">org.testng.SkipException: Skipping it becuase this test case no longer needed: JIRA-1233
                        	at test_assert.AssertTesting.testSoftAssert(AssertTesting.java:44)
                        	at sun.reflect.NativeMethodAccessorImpl.invoke0(Native Method)
                        	at sun.reflect.NativeMethodAccessorImpl.invoke(Unknown Source)
                        	at sun.reflect.DelegatingMethodAccessorImpl.invoke(Unknown Source)
                        	at java.lang.reflect.Method.invoke(Unknown Source)
                        	at org.testng.internal.MethodInvocationHelper.invokeMethod(MethodInvocationHelper.java:85)
                        	at org.testng.internal.Invoker.invokeMethod(Invoker.java:639)
                        	at org.testng.internal.Invoker.invokeTestMethod(Invoker.java:816)
                        	at org.testng.internal.Invoker.invokeTestMethods(Invoker.java:1124)
                        	at org.testng.internal.TestMethodWorker.invokeTestMethods(TestMethodWorker.java:125)
                        	at org.testng.internal.TestMethodWorker.run(TestMethodWorker.java:108)
                        	at org.testng.TestRunner.privateRun(TestRunner.java:774)
                        	at org.testng.TestRunner.run(TestRunner.java:624)
                        	at org.testng.SuiteRunner.runTest(SuiteRunner.java:359)
                        	at org.testng.SuiteRunner.runSequentially(SuiteRunner.java:354)
                        	at org.testng.SuiteRunner.privateRun(SuiteRunner.java:312)
                        	at org.testng.SuiteRunner.run(SuiteRunner.java:261)
                        	at org.testng.SuiteRunnerWorker.runSuite(SuiteRunnerWorker.java:52)
                        	at org.testng.SuiteRunnerWorker.run(SuiteRunnerWorker.java:86)
                        	at org.testng.TestNG.runSuitesSequentially(TestNG.java:1215)
                        	at org.testng.TestNG.runSuitesLocally(TestNG.java:1140)
                        	at org.testng.TestNG.run(TestNG.java:1048)
                        	at org.testng.TestNG.privateMain(TestNG.java:1355)
                        	at org.testng.TestNG.main(TestNG.java:1324)
                     </pre>
                  </div>
               </td>
            </tr>
         </table>
      </div>
      <div id="testMethodsByClass" style="display: none;">
         <table class="testMethodsTable" cellpadding="0" cellspacing="0">
            <tr>
               <td colspan="4">
                  <h3 style="display: inline;">test_assert.AssertTesting</h3>
               </td>
            </tr>
            <tr class="methodsTableHeader">
               <td width="100%">Name</td>
               <td nowrap="true">Started</td>
               <td nowrap="true">Duration</td>
               <td>Exception</td>
            </tr>
            <tr id="test_assert.AssertTesting_setUp_byClass_PASS1_row"
                class="testMethodStatusPASS testMethodStatusCONF">
               <td width="100%" class="firstMethodCell">
                  <a onclick="toggleDetailsVisibility('test_assert.AssertTesting_setUp_byClass_PASS1_details')">setUp(ff)</a>
               </td>
               <td nowrap="true">11:46:08</td>
               <td nowrap="true" align="right">6s
                  
               </td>
               <td nowrap="true">
                   
                  
               </td>
            </tr>
            <tr>
               <td colspan="4" class="detailsBox">
                  <div id="test_assert.AssertTesting_setUp_byClass_PASS1_details"
                       class="testMethodDetails">
                     <div>
                        <b>Name: </b>setUp
                     </div>
                     <div>
                        <b>Signature: </b>setUp(java.lang.String)[pri:0, instance:test_assert.AssertTesting@6ea6d14e]
                     </div>
                     <div>
                        <b>Parameters: </b>
                        
                        ff
                        
                        
                     </div>
                     <div>
                        <b>Start time: </b>11:46:08
                     </div>
                     <div>
                        <b>End time: </b>11:46:14
                     </div>
                     <div>
                        <b>Duration: </b>6s
                        
                     </div>
                  </div>
               </td>
            </tr>
            <tr></tr>
            <tr id="test_assert.AssertTesting_testAssertion_byClass_PASS2_row"
                class="testMethodStatusPASS">
               <td width="100%" class="firstMethodCell">
                  <a onclick="toggleDetailsVisibility('test_assert.AssertTesting_testAssertion_byClass_PASS2_details')">testAssertion()</a>
               </td>
               <td nowrap="true">11:46:14</td>
               <td nowrap="true" align="right">151 ms
                  
               </td>
               <td nowrap="true">
                   
                  
               </td>
            </tr>
            <tr>
               <td colspan="4" class="detailsBox">
                  <div id="test_assert.AssertTesting_testAssertion_byClass_PASS2_details"
                       class="testMethodDetails">
                     <div>
                        <b>Name: </b>testAssertion
                     </div>
                     <div>
                        <b>Signature: </b>testAssertion()[pri:0, instance:test_assert.AssertTesting@6ea6d14e]
                     </div>
                     <div>
                        <b>Start time: </b>11:46:14
                     </div>
                     <div>
                        <b>End time: </b>11:46:14
                     </div>
                     <div>
                        <b>Duration: </b>151 ms
                        
                     </div>
                  </div>
               </td>
            </tr>
            <tr></tr>
            <tr id="test_assert.AssertTesting_tearDown_byClass_PASS3_row"
                class="testMethodStatusPASS testMethodStatusCONF">
               <td width="100%" class="firstMethodCell">
                  <a onclick="toggleDetailsVisibility('test_assert.AssertTesting_tearDown_byClass_PASS3_details')">tearDown()</a>
               </td>
               <td nowrap="true">11:46:14</td>
               <td nowrap="true" align="right">1s
                  
               </td>
               <td nowrap="true">
                   
                  
               </td>
            </tr>
            <tr>
               <td colspan="4" class="detailsBox">
                  <div id="test_assert.AssertTesting_tearDown_byClass_PASS3_details"
                       class="testMethodDetails">
                     <div>
                        <b>Name: </b>tearDown
                     </div>
                     <div>
                        <b>Signature: </b>tearDown()[pri:0, instance:test_assert.AssertTesting@6ea6d14e]
                     </div>
                     <div>
                        <b>Start time: </b>11:46:14
                     </div>
                     <div>
                        <b>End time: </b>11:46:16
                     </div>
                     <div>
                        <b>Duration: </b>1s
                        
                     </div>
                  </div>
               </td>
            </tr>
            <tr></tr>
            <tr id="test_assert.AssertTesting_setUp_byClass_PASS4_row"
                class="testMethodStatusPASS testMethodStatusCONF">
               <td width="100%" class="firstMethodCell">
                  <a onclick="toggleDetailsVisibility('test_assert.AssertTesting_setUp_byClass_PASS4_details')">setUp(ff)</a>
               </td>
               <td nowrap="true">11:46:16</td>
               <td nowrap="true" align="right">6s
                  
               </td>
               <td nowrap="true">
                   
                  
               </td>
            </tr>
            <tr>
               <td colspan="4" class="detailsBox">
                  <div id="test_assert.AssertTesting_setUp_byClass_PASS4_details"
                       class="testMethodDetails">
                     <div>
                        <b>Name: </b>setUp
                     </div>
                     <div>
                        <b>Signature: </b>setUp(java.lang.String)[pri:0, instance:test_assert.AssertTesting@6ea6d14e]
                     </div>
                     <div>
                        <b>Parameters: </b>
                        
                        ff
                        
                        
                     </div>
                     <div>
                        <b>Start time: </b>11:46:16
                     </div>
                     <div>
                        <b>End time: </b>11:46:22
                     </div>
                     <div>
                        <b>Duration: </b>6s
                        
                     </div>
                  </div>
               </td>
            </tr>
            <tr></tr>
            <tr id="test_assert.AssertTesting_testSoftAssert_byClass_SKIP5_row"
                class="testMethodStatusSKIP">
               <td width="100%" class="firstMethodCell">
                  <a onclick="toggleDetailsVisibility('test_assert.AssertTesting_testSoftAssert_byClass_SKIP5_details')">testSoftAssert()</a>
               </td>
               <td nowrap="true">11:46:22</td>
               <td nowrap="true" align="right">163 ms
                  
               </td>
               <td nowrap="true">
                  <a onclick="toggleDetailsVisibility('test_assert.AssertTesting_testSoftAssert_byClass_SKIP5_exception')">org.testng.SkipException: 
                     Skipping it becuase this test case no longer needed: JIRA-1233
                     
                  </a>
                   
                  
               </td>
            </tr>
            <tr>
               <td colspan="4" class="detailsBox">
                  <div id="test_assert.AssertTesting_testSoftAssert_byClass_SKIP5_details"
                       class="testMethodDetails">
                     <div>
                        <b>Name: </b>testSoftAssert
                     </div>
                     <div>
                        <b>Signature: </b>testSoftAssert()[pri:0, instance:test_assert.AssertTesting@6ea6d14e]
                     </div>
                     <div>
                        <b>Start time: </b>11:46:22
                     </div>
                     <div>
                        <b>End time: </b>11:46:22
                     </div>
                     <div>
                        <b>Duration: </b>163 ms
                        
                     </div>
                  </div>
               </td>
            </tr>
            <tr>
               <td colspan="4" class="detailsBox">
                  <div id="test_assert.AssertTesting_testSoftAssert_byClass_SKIP5_exception"
                       class="testMethodDetails">
                     <pre style="padding: 5px; margin: 0;">org.testng.SkipException: Skipping it becuase this test case no longer needed: JIRA-1233
                        	at test_assert.AssertTesting.testSoftAssert(AssertTesting.java:44)
                        	at sun.reflect.NativeMethodAccessorImpl.invoke0(Native Method)
                        	at sun.reflect.NativeMethodAccessorImpl.invoke(Unknown Source)
                        	at sun.reflect.DelegatingMethodAccessorImpl.invoke(Unknown Source)
                        	at java.lang.reflect.Method.invoke(Unknown Source)
                        	at org.testng.internal.MethodInvocationHelper.invokeMethod(MethodInvocationHelper.java:85)
                        	at org.testng.internal.Invoker.invokeMethod(Invoker.java:639)
                        	at org.testng.internal.Invoker.invokeTestMethod(Invoker.java:816)
                        	at org.testng.internal.Invoker.invokeTestMethods(Invoker.java:1124)
                        	at org.testng.internal.TestMethodWorker.invokeTestMethods(TestMethodWorker.java:125)
                        	at org.testng.internal.TestMethodWorker.run(TestMethodWorker.java:108)
                        	at org.testng.TestRunner.privateRun(TestRunner.java:774)
                        	at org.testng.TestRunner.run(TestRunner.java:624)
                        	at org.testng.SuiteRunner.runTest(SuiteRunner.java:359)
                        	at org.testng.SuiteRunner.runSequentially(SuiteRunner.java:354)
                        	at org.testng.SuiteRunner.privateRun(SuiteRunner.java:312)
                        	at org.testng.SuiteRunner.run(SuiteRunner.java:261)
                        	at org.testng.SuiteRunnerWorker.runSuite(SuiteRunnerWorker.java:52)
                        	at org.testng.SuiteRunnerWorker.run(SuiteRunnerWorker.java:86)
                        	at org.testng.TestNG.runSuitesSequentially(TestNG.java:1215)
                        	at org.testng.TestNG.runSuitesLocally(TestNG.java:1140)
                        	at org.testng.TestNG.run(TestNG.java:1048)
                        	at org.testng.TestNG.privateMain(TestNG.java:1355)
                        	at org.testng.TestNG.main(TestNG.java:1324)
                     </pre>
                  </div>
               </td>
            </tr>
            <tr id="test_assert.AssertTesting_tearDown_byClass_PASS6_row"
                class="testMethodStatusPASS testMethodStatusCONF">
               <td width="100%" class="firstMethodCell">
                  <a onclick="toggleDetailsVisibility('test_assert.AssertTesting_tearDown_byClass_PASS6_details')">tearDown()</a>
               </td>
               <td nowrap="true">11:46:22</td>
               <td nowrap="true" align="right">1s
                  
               </td>
               <td nowrap="true">
                   
                  
               </td>
            </tr>
            <tr>
               <td colspan="4" class="detailsBox">
                  <div id="test_assert.AssertTesting_tearDown_byClass_PASS6_details"
                       class="testMethodDetails">
                     <div>
                        <b>Name: </b>tearDown
                     </div>
                     <div>
                        <b>Signature: </b>tearDown()[pri:0, instance:test_assert.AssertTesting@6ea6d14e]
                     </div>
                     <div>
                        <b>Start time: </b>11:46:22
                     </div>
                     <div>
                        <b>End time: </b>11:46:23
                     </div>
                     <div>
                        <b>Duration: </b>1s
                        
                     </div>
                  </div>
               </td>
            </tr>
            <tr></tr>
         </table>
         <br></br>
         <table class="testMethodsTable" cellpadding="0" cellspacing="0">
            <tr>
               <td colspan="4">
                  <h3 style="display: inline;">test_fbLogin.TC1_LoginWithInvalidCredential</h3>
               </td>
            </tr>
            <tr class="methodsTableHeader">
               <td width="100%">Name</td>
               <td nowrap="true">Started</td>
               <td nowrap="true">Duration</td>
               <td>Exception</td>
            </tr>
            <tr id="test_fbLogin.TC1_LoginWithInvalidCredential_setUp_byClass_PASS1_row"
                class="testMethodStatusPASS testMethodStatusCONF">
               <td width="100%" class="firstMethodCell">
                  <a onclick="toggleDetailsVisibility('test_fbLogin.TC1_LoginWithInvalidCredential_setUp_byClass_PASS1_details')">setUp(ff)</a>
               </td>
               <td nowrap="true">11:45:29</td>
               <td nowrap="true" align="right">7s
                  
               </td>
               <td nowrap="true">
                   
                  
               </td>
            </tr>
            <tr>
               <td colspan="4" class="detailsBox">
                  <div id="test_fbLogin.TC1_LoginWithInvalidCredential_setUp_byClass_PASS1_details"
                       class="testMethodDetails">
                     <div>
                        <b>Name: </b>setUp
                     </div>
                     <div>
                        <b>Signature: </b>setUp(java.lang.String)[pri:0, instance:test_fbLogin.TC1_LoginWithInvalidCredential@546a03af]
                     </div>
                     <div>
                        <b>Parameters: </b>
                        
                        ff
                        
                        
                     </div>
                     <div>
                        <b>Start time: </b>11:45:29
                     </div>
                     <div>
                        <b>End time: </b>11:45:35
                     </div>
                     <div>
                        <b>Duration: </b>7s
                        
                     </div>
                  </div>
               </td>
            </tr>
            <tr></tr>
            <tr id="test_fbLogin.TC1_LoginWithInvalidCredential_test_fbLoginWithInvalidCredential_byClass_FAIL2_row"
                class="testMethodStatusFAIL">
               <td width="100%" class="firstMethodCell">
                  <a onclick="toggleDetailsVisibility('test_fbLogin.TC1_LoginWithInvalidCredential_test_fbLoginWithInvalidCredential_byClass_FAIL2_details')">test_fbLoginWithInvalidCredential()</a>
               </td>
               <td nowrap="true">11:45:35</td>
               <td nowrap="true" align="right">475 ms
                  
               </td>
               <td nowrap="true">
                  <a onclick="toggleDetailsVisibility('test_fbLogin.TC1_LoginWithInvalidCredential_test_fbLoginWithInvalidCredential_byClass_FAIL2_exception')">org.openqa.selenium.NoSuchElementException: 
                     Unable to locate element: //*[@id='u_0_3']
                     For documentation on this error, please visit: http://seleniumhq.org/exceptions/no_such_element.html
                     Build info: version: '3.14.0', revision: 'aacccce0', time: '2018-08-02T20:05:20.749Z'
                     System info: host: 'DESKTOP-D7B0KO9', ip: '192.168.1.27', os.name: 'Windows 10', os.arch: 'amd64', os.version: '10.0', java.version:
                     '1.8.0_172'
                     Driver info: org.openqa.selenium.firefox.FirefoxDriver
                     Capabilities {acceptInsecureCerts: true, browserName: firefox, browserVersion: 63.0.3, javascriptEnabled: true, moz:accessibilityChecks:
                     false, moz:geckodriverVersion: 0.23.0, moz:headless: false, moz:processID: 3340, moz:profile: C:\Users\talentTEK\AppData\...,
                     moz:useNonSpecCompliantPointerOrigin: false, moz:webdriverClick: true, pageLoadStrategy: normal, platform: WINDOWS, platformName:
                     WINDOWS, platformVersion: 10.0, rotatable: false, setWindowRect: true, timeouts: {implicit: 0, pageLoad: 300000, script: 30000},
                     unhandledPromptBehavior: dismiss and notify}
                     Session ID: 8fb618b9-0a94-40f1-abe3-3e6d3ef7e0be
                     *** Element info: {Using=xpath, value=//*[@id='u_0_3']}
                     
                  </a>
                   
                  
               </td>
            </tr>
            <tr>
               <td colspan="4" class="detailsBox">
                  <div id="test_fbLogin.TC1_LoginWithInvalidCredential_test_fbLoginWithInvalidCredential_byClass_FAIL2_details"
                       class="testMethodDetails">
                     <div>
                        <b>Name: </b>test_fbLoginWithInvalidCredential
                     </div>
                     <div>
                        <b>Signature: </b>test_fbLoginWithInvalidCredential()[pri:0, instance:test_fbLogin.TC1_LoginWithInvalidCredential@546a03af]
                     </div>
                     <div>
                        <b>Start time: </b>11:45:35
                     </div>
                     <div>
                        <b>End time: </b>11:45:36
                     </div>
                     <div>
                        <b>Duration: </b>475 ms
                        
                     </div>
                  </div>
               </td>
            </tr>
            <tr>
               <td colspan="4" class="detailsBox">
                  <div id="test_fbLogin.TC1_LoginWithInvalidCredential_test_fbLoginWithInvalidCredential_byClass_FAIL2_exception"
                       class="testMethodDetails">
                     <pre style="padding: 5px; margin: 0;">org.openqa.selenium.NoSuchElementException: Unable to locate element: //*[@id='u_0_3']
                        For documentation on this error, please visit: http://seleniumhq.org/exceptions/no_such_element.html
                        Build info: version: '3.14.0', revision: 'aacccce0', time: '2018-08-02T20:05:20.749Z'
                        System info: host: 'DESKTOP-D7B0KO9', ip: '192.168.1.27', os.name: 'Windows 10', os.arch: 'amd64', os.version: '10.0', java.version:
                        '1.8.0_172'
                        Driver info: org.openqa.selenium.firefox.FirefoxDriver
                        Capabilities {acceptInsecureCerts: true, browserName: firefox, browserVersion: 63.0.3, javascriptEnabled: true, moz:accessibilityChecks:
                        false, moz:geckodriverVersion: 0.23.0, moz:headless: false, moz:processID: 3340, moz:profile: C:\Users\talentTEK\AppData\...,
                        moz:useNonSpecCompliantPointerOrigin: false, moz:webdriverClick: true, pageLoadStrategy: normal, platform: WINDOWS, platformName:
                        WINDOWS, platformVersion: 10.0, rotatable: false, setWindowRect: true, timeouts: {implicit: 0, pageLoad: 300000, script: 30000},
                        unhandledPromptBehavior: dismiss and notify}
                        Session ID: 8fb618b9-0a94-40f1-abe3-3e6d3ef7e0be
                        *** Element info: {Using=xpath, value=//*[@id='u_0_3']}
                        	at sun.reflect.NativeConstructorAccessorImpl.newInstance0(Native Method)
                        	at sun.reflect.NativeConstructorAccessorImpl.newInstance(Unknown Source)
                        	at sun.reflect.DelegatingConstructorAccessorImpl.newInstance(Unknown Source)
                        	at java.lang.reflect.Constructor.newInstance(Unknown Source)
                        	at org.openqa.selenium.remote.http.W3CHttpResponseCodec.createException(W3CHttpResponseCodec.java:187)
                        	at org.openqa.selenium.remote.http.W3CHttpResponseCodec.decode(W3CHttpResponseCodec.java:122)
                        	at org.openqa.selenium.remote.http.W3CHttpResponseCodec.decode(W3CHttpResponseCodec.java:49)
                        	at org.openqa.selenium.remote.HttpCommandExecutor.execute(HttpCommandExecutor.java:158)
                        	at org.openqa.selenium.remote.service.DriverCommandExecutor.execute(DriverCommandExecutor.java:83)
                        	at org.openqa.selenium.remote.RemoteWebDriver.execute(RemoteWebDriver.java:548)
                        	at org.openqa.selenium.remote.RemoteWebDriver.findElement(RemoteWebDriver.java:322)
                        	at org.openqa.selenium.remote.RemoteWebDriver.findElementByXPath(RemoteWebDriver.java:424)
                        	at org.openqa.selenium.By$ByXPath.findElement(By.java:353)
                        	at org.openqa.selenium.remote.RemoteWebDriver.findElement(RemoteWebDriver.java:314)
                        	at utils.SWDFunctions.clickByXpath(SWDFunctions.java:33)
                        	at test_fbLogin.TC1_LoginWithInvalidCredential.test_fbLoginWithInvalidCredential(TC1_LoginWithInvalidCredential.java:23)
                        	at sun.reflect.NativeMethodAccessorImpl.invoke0(Native Method)
                        	at sun.reflect.NativeMethodAccessorImpl.invoke(Unknown Source)
                        	at sun.reflect.DelegatingMethodAccessorImpl.invoke(Unknown Source)
                        	at java.lang.reflect.Method.invoke(Unknown Source)
                        	at org.testng.internal.MethodInvocationHelper.invokeMethod(MethodInvocationHelper.java:85)
                        	at org.testng.internal.Invoker.invokeMethod(Invoker.java:639)
                        	at org.testng.internal.Invoker.invokeTestMethod(Invoker.java:816)
                        	at org.testng.internal.Invoker.invokeTestMethods(Invoker.java:1124)
                        	at org.testng.internal.TestMethodWorker.invokeTestMethods(TestMethodWorker.java:125)
                        	at org.testng.internal.TestMethodWorker.run(TestMethodWorker.java:108)
                        	at org.testng.TestRunner.privateRun(TestRunner.java:774)
                        	at org.testng.TestRunner.run(TestRunner.java:624)
                        	at org.testng.SuiteRunner.runTest(SuiteRunner.java:359)
                        	at org.testng.SuiteRunner.runSequentially(SuiteRunner.java:354)
                        	at org.testng.SuiteRunner.privateRun(SuiteRunner.java:312)
                        	at org.testng.SuiteRunner.run(SuiteRunner.java:261)
                        	at org.testng.SuiteRunnerWorker.runSuite(SuiteRunnerWorker.java:52)
                        	at org.testng.SuiteRunnerWorker.run(SuiteRunnerWorker.java:86)
                        	at org.testng.TestNG.runSuitesSequentially(TestNG.java:1215)
                        	at org.testng.TestNG.runSuitesLocally(TestNG.java:1140)
                        	at org.testng.TestNG.run(TestNG.java:1048)
                        	at org.testng.TestNG.privateMain(TestNG.java:1355)
                        	at org.testng.TestNG.main(TestNG.java:1324)
                     </pre>
                  </div>
               </td>
            </tr>
            <tr id="test_fbLogin.TC1_LoginWithInvalidCredential_tearDown_byClass_PASS3_row"
                class="testMethodStatusPASS testMethodStatusCONF">
               <td width="100%" class="firstMethodCell">
                  <a onclick="toggleDetailsVisibility('test_fbLogin.TC1_LoginWithInvalidCredential_tearDown_byClass_PASS3_details')">tearDown()</a>
               </td>
               <td nowrap="true">11:45:36</td>
               <td nowrap="true" align="right">1s
                  
               </td>
               <td nowrap="true">
                   
                  
               </td>
            </tr>
            <tr>
               <td colspan="4" class="detailsBox">
                  <div id="test_fbLogin.TC1_LoginWithInvalidCredential_tearDown_byClass_PASS3_details"
                       class="testMethodDetails">
                     <div>
                        <b>Name: </b>tearDown
                     </div>
                     <div>
                        <b>Signature: </b>tearDown()[pri:0, instance:test_fbLogin.TC1_LoginWithInvalidCredential@546a03af]
                     </div>
                     <div>
                        <b>Start time: </b>11:45:36
                     </div>
                     <div>
                        <b>End time: </b>11:45:37
                     </div>
                     <div>
                        <b>Duration: </b>1s
                        
                     </div>
                  </div>
               </td>
            </tr>
            <tr></tr>
            <tr id="test_fbLogin.TC1_LoginWithInvalidCredential_closeDriver_byClass_FAIL4_row"
                class="testMethodStatusFAIL testMethodStatusCONF">
               <td width="100%" class="firstMethodCell">
                  <a onclick="toggleDetailsVisibility('test_fbLogin.TC1_LoginWithInvalidCredential_closeDriver_byClass_FAIL4_details')">closeDriver()</a>
               </td>
               <td nowrap="true">11:46:23</td>
               <td nowrap="true" align="right">0 ms
                  
               </td>
               <td nowrap="true">
                  <a onclick="toggleDetailsVisibility('test_fbLogin.TC1_LoginWithInvalidCredential_closeDriver_byClass_FAIL4_exception')">org.openqa.selenium.NoSuchSessionException: 
                     Tried to run command without establishing a connection
                     Build info: version: '3.14.0', revision: 'aacccce0', time: '2018-08-02T20:05:20.749Z'
                     System info: host: 'DESKTOP-D7B0KO9', ip: '192.168.1.27', os.name: 'Windows 10', os.arch: 'amd64', os.version: '10.0', java.version:
                     '1.8.0_172'
                     Driver info: org.openqa.selenium.firefox.FirefoxDriver
                     Capabilities {acceptInsecureCerts: true, browserName: firefox, browserVersion: 63.0.3, javascriptEnabled: true, moz:accessibilityChecks:
                     false, moz:geckodriverVersion: 0.23.0, moz:headless: false, moz:processID: 3340, moz:profile: C:\Users\talentTEK\AppData\...,
                     moz:useNonSpecCompliantPointerOrigin: false, moz:webdriverClick: true, pageLoadStrategy: normal, platform: WINDOWS, platformName:
                     WINDOWS, platformVersion: 10.0, rotatable: false, setWindowRect: true, timeouts: {implicit: 0, pageLoad: 300000, script: 30000},
                     unhandledPromptBehavior: dismiss and notify}
                     Session ID: 8fb618b9-0a94-40f1-abe3-3e6d3ef7e0be
                     
                  </a>
                   
                  
               </td>
            </tr>
            <tr>
               <td colspan="4" class="detailsBox">
                  <div id="test_fbLogin.TC1_LoginWithInvalidCredential_closeDriver_byClass_FAIL4_details"
                       class="testMethodDetails">
                     <div>
                        <b>Name: </b>closeDriver
                     </div>
                     <div>
                        <b>Signature: </b>closeDriver()[pri:0, instance:test_fbLogin.TC1_LoginWithInvalidCredential@546a03af]
                     </div>
                     <div>
                        <b>Start time: </b>11:46:23
                     </div>
                     <div>
                        <b>End time: </b>11:46:23
                     </div>
                     <div>
                        <b>Duration: </b>0 ms
                        
                     </div>
                  </div>
               </td>
            </tr>
            <tr>
               <td colspan="4" class="detailsBox">
                  <div id="test_fbLogin.TC1_LoginWithInvalidCredential_closeDriver_byClass_FAIL4_exception"
                       class="testMethodDetails">
                     <pre style="padding: 5px; margin: 0;">org.openqa.selenium.NoSuchSessionException: Tried to run command without establishing a connection
                        Build info: version: '3.14.0', revision: 'aacccce0', time: '2018-08-02T20:05:20.749Z'
                        System info: host: 'DESKTOP-D7B0KO9', ip: '192.168.1.27', os.name: 'Windows 10', os.arch: 'amd64', os.version: '10.0', java.version:
                        '1.8.0_172'
                        Driver info: org.openqa.selenium.firefox.FirefoxDriver
                        Capabilities {acceptInsecureCerts: true, browserName: firefox, browserVersion: 63.0.3, javascriptEnabled: true, moz:accessibilityChecks:
                        false, moz:geckodriverVersion: 0.23.0, moz:headless: false, moz:processID: 3340, moz:profile: C:\Users\talentTEK\AppData\...,
                        moz:useNonSpecCompliantPointerOrigin: false, moz:webdriverClick: true, pageLoadStrategy: normal, platform: WINDOWS, platformName:
                        WINDOWS, platformVersion: 10.0, rotatable: false, setWindowRect: true, timeouts: {implicit: 0, pageLoad: 300000, script: 30000},
                        unhandledPromptBehavior: dismiss and notify}
                        Session ID: 8fb618b9-0a94-40f1-abe3-3e6d3ef7e0be
                        	at sun.reflect.NativeConstructorAccessorImpl.newInstance0(Native Method)
                        	at sun.reflect.NativeConstructorAccessorImpl.newInstance(Unknown Source)
                        	at sun.reflect.DelegatingConstructorAccessorImpl.newInstance(Unknown Source)
                        	at java.lang.reflect.Constructor.newInstance(Unknown Source)
                        	at org.openqa.selenium.remote.http.W3CHttpResponseCodec.createException(W3CHttpResponseCodec.java:187)
                        	at org.openqa.selenium.remote.http.W3CHttpResponseCodec.decode(W3CHttpResponseCodec.java:122)
                        	at org.openqa.selenium.remote.http.W3CHttpResponseCodec.decode(W3CHttpResponseCodec.java:49)
                        	at org.openqa.selenium.remote.HttpCommandExecutor.execute(HttpCommandExecutor.java:158)
                        	at org.openqa.selenium.remote.service.DriverCommandExecutor.execute(DriverCommandExecutor.java:83)
                        	at org.openqa.selenium.remote.RemoteWebDriver.execute(RemoteWebDriver.java:548)
                        	at org.openqa.selenium.remote.RemoteWebDriver.execute(RemoteWebDriver.java:605)
                        	at org.openqa.selenium.remote.RemoteWebDriver.quit(RemoteWebDriver.java:448)
                        	at base.config.closeDriver(config.java:47)
                        	at sun.reflect.NativeMethodAccessorImpl.invoke0(Native Method)
                        	at sun.reflect.NativeMethodAccessorImpl.invoke(Unknown Source)
                        	at sun.reflect.DelegatingMethodAccessorImpl.invoke(Unknown Source)
                        	at java.lang.reflect.Method.invoke(Unknown Source)
                        	at org.testng.internal.MethodInvocationHelper.invokeMethod(MethodInvocationHelper.java:85)
                        	at org.testng.internal.Invoker.invokeConfigurationMethod(Invoker.java:510)
                        	at org.testng.internal.Invoker.invokeConfigurations(Invoker.java:211)
                        	at org.testng.internal.Invoker.invokeConfigurations(Invoker.java:138)
                        	at org.testng.TestRunner.afterRun(TestRunner.java:1023)
                        	at org.testng.TestRunner.run(TestRunner.java:628)
                        	at org.testng.SuiteRunner.runTest(SuiteRunner.java:359)
                        	at org.testng.SuiteRunner.runSequentially(SuiteRunner.java:354)
                        	at org.testng.SuiteRunner.privateRun(SuiteRunner.java:312)
                        	at org.testng.SuiteRunner.run(SuiteRunner.java:261)
                        	at org.testng.SuiteRunnerWorker.runSuite(SuiteRunnerWorker.java:52)
                        	at org.testng.SuiteRunnerWorker.run(SuiteRunnerWorker.java:86)
                        	at org.testng.TestNG.runSuitesSequentially(TestNG.java:1215)
                        	at org.testng.TestNG.runSuitesLocally(TestNG.java:1140)
                        	at org.testng.TestNG.run(TestNG.java:1048)
                        	at org.testng.TestNG.privateMain(TestNG.java:1355)
                        	at org.testng.TestNG.main(TestNG.java:1324)
                     </pre>
                  </div>
               </td>
            </tr>
         </table>
         <br></br>
         <table class="testMethodsTable" cellpadding="0" cellspacing="0">
            <tr>
               <td colspan="4">
                  <h3 style="display: inline;">test_fbLogin.TC2_LoginWithInvalidPassword</h3>
               </td>
            </tr>
            <tr class="methodsTableHeader">
               <td width="100%">Name</td>
               <td nowrap="true">Started</td>
               <td nowrap="true">Duration</td>
               <td>Exception</td>
            </tr>
            <tr id="test_fbLogin.TC2_LoginWithInvalidPassword_setUp_byClass_PASS1_row"
                class="testMethodStatusPASS testMethodStatusCONF">
               <td width="100%" class="firstMethodCell">
                  <a onclick="toggleDetailsVisibility('test_fbLogin.TC2_LoginWithInvalidPassword_setUp_byClass_PASS1_details')">setUp(ff)</a>
               </td>
               <td nowrap="true">11:45:37</td>
               <td nowrap="true" align="right">23s
                  
               </td>
               <td nowrap="true">
                   
                  
               </td>
            </tr>
            <tr>
               <td colspan="4" class="detailsBox">
                  <div id="test_fbLogin.TC2_LoginWithInvalidPassword_setUp_byClass_PASS1_details"
                       class="testMethodDetails">
                     <div>
                        <b>Name: </b>setUp
                     </div>
                     <div>
                        <b>Signature: </b>setUp(java.lang.String)[pri:0, instance:test_fbLogin.TC2_LoginWithInvalidPassword@721e0f4f]
                     </div>
                     <div>
                        <b>Parameters: </b>
                        
                        ff
                        
                        
                     </div>
                     <div>
                        <b>Start time: </b>11:45:37
                     </div>
                     <div>
                        <b>End time: </b>11:45:59
                     </div>
                     <div>
                        <b>Duration: </b>23s
                        
                     </div>
                  </div>
               </td>
            </tr>
            <tr></tr>
            <tr id="test_fbLogin.TC2_LoginWithInvalidPassword_test_fbLoginWithInvalidPassword_byClass_FAIL2_row"
                class="testMethodStatusFAIL">
               <td width="100%" class="firstMethodCell">
                  <a onclick="toggleDetailsVisibility('test_fbLogin.TC2_LoginWithInvalidPassword_test_fbLoginWithInvalidPassword_byClass_FAIL2_details')">test_fbLoginWithInvalidPassword()</a>
               </td>
               <td nowrap="true">11:45:59</td>
               <td nowrap="true" align="right">465 ms
                  
               </td>
               <td nowrap="true">
                  <a onclick="toggleDetailsVisibility('test_fbLogin.TC2_LoginWithInvalidPassword_test_fbLoginWithInvalidPassword_byClass_FAIL2_exception')">org.openqa.selenium.NoSuchElementException: 
                     Unable to locate element: //*[@id='u_0_3']
                     For documentation on this error, please visit: http://seleniumhq.org/exceptions/no_such_element.html
                     Build info: version: '3.14.0', revision: 'aacccce0', time: '2018-08-02T20:05:20.749Z'
                     System info: host: 'DESKTOP-D7B0KO9', ip: '192.168.1.27', os.name: 'Windows 10', os.arch: 'amd64', os.version: '10.0', java.version:
                     '1.8.0_172'
                     Driver info: org.openqa.selenium.firefox.FirefoxDriver
                     Capabilities {acceptInsecureCerts: true, browserName: firefox, browserVersion: 63.0.3, javascriptEnabled: true, moz:accessibilityChecks:
                     false, moz:geckodriverVersion: 0.23.0, moz:headless: false, moz:processID: 14148, moz:profile: C:\Users\talentTEK\AppData\...,
                     moz:useNonSpecCompliantPointerOrigin: false, moz:webdriverClick: true, pageLoadStrategy: normal, platform: WINDOWS, platformName:
                     WINDOWS, platformVersion: 10.0, rotatable: false, setWindowRect: true, timeouts: {implicit: 0, pageLoad: 300000, script: 30000},
                     unhandledPromptBehavior: dismiss and notify}
                     Session ID: 4598cf75-42ae-4108-83e3-0d934c135343
                     *** Element info: {Using=xpath, value=//*[@id='u_0_3']}
                     
                  </a>
                   
                  
               </td>
            </tr>
            <tr>
               <td colspan="4" class="detailsBox">
                  <div id="test_fbLogin.TC2_LoginWithInvalidPassword_test_fbLoginWithInvalidPassword_byClass_FAIL2_details"
                       class="testMethodDetails">
                     <div>
                        <b>Name: </b>test_fbLoginWithInvalidPassword
                     </div>
                     <div>
                        <b>Signature: </b>test_fbLoginWithInvalidPassword()[pri:0, instance:test_fbLogin.TC2_LoginWithInvalidPassword@721e0f4f]
                     </div>
                     <div>
                        <b>Start time: </b>11:45:59
                     </div>
                     <div>
                        <b>End time: </b>11:46:00
                     </div>
                     <div>
                        <b>Duration: </b>465 ms
                        
                     </div>
                  </div>
               </td>
            </tr>
            <tr>
               <td colspan="4" class="detailsBox">
                  <div id="test_fbLogin.TC2_LoginWithInvalidPassword_test_fbLoginWithInvalidPassword_byClass_FAIL2_exception"
                       class="testMethodDetails">
                     <pre style="padding: 5px; margin: 0;">org.openqa.selenium.NoSuchElementException: Unable to locate element: //*[@id='u_0_3']
                        For documentation on this error, please visit: http://seleniumhq.org/exceptions/no_such_element.html
                        Build info: version: '3.14.0', revision: 'aacccce0', time: '2018-08-02T20:05:20.749Z'
                        System info: host: 'DESKTOP-D7B0KO9', ip: '192.168.1.27', os.name: 'Windows 10', os.arch: 'amd64', os.version: '10.0', java.version:
                        '1.8.0_172'
                        Driver info: org.openqa.selenium.firefox.FirefoxDriver
                        Capabilities {acceptInsecureCerts: true, browserName: firefox, browserVersion: 63.0.3, javascriptEnabled: true, moz:accessibilityChecks:
                        false, moz:geckodriverVersion: 0.23.0, moz:headless: false, moz:processID: 14148, moz:profile: C:\Users\talentTEK\AppData\...,
                        moz:useNonSpecCompliantPointerOrigin: false, moz:webdriverClick: true, pageLoadStrategy: normal, platform: WINDOWS, platformName:
                        WINDOWS, platformVersion: 10.0, rotatable: false, setWindowRect: true, timeouts: {implicit: 0, pageLoad: 300000, script: 30000},
                        unhandledPromptBehavior: dismiss and notify}
                        Session ID: 4598cf75-42ae-4108-83e3-0d934c135343
                        *** Element info: {Using=xpath, value=//*[@id='u_0_3']}
                        	at sun.reflect.NativeConstructorAccessorImpl.newInstance0(Native Method)
                        	at sun.reflect.NativeConstructorAccessorImpl.newInstance(Unknown Source)
                        	at sun.reflect.DelegatingConstructorAccessorImpl.newInstance(Unknown Source)
                        	at java.lang.reflect.Constructor.newInstance(Unknown Source)
                        	at org.openqa.selenium.remote.http.W3CHttpResponseCodec.createException(W3CHttpResponseCodec.java:187)
                        	at org.openqa.selenium.remote.http.W3CHttpResponseCodec.decode(W3CHttpResponseCodec.java:122)
                        	at org.openqa.selenium.remote.http.W3CHttpResponseCodec.decode(W3CHttpResponseCodec.java:49)
                        	at org.openqa.selenium.remote.HttpCommandExecutor.execute(HttpCommandExecutor.java:158)
                        	at org.openqa.selenium.remote.service.DriverCommandExecutor.execute(DriverCommandExecutor.java:83)
                        	at org.openqa.selenium.remote.RemoteWebDriver.execute(RemoteWebDriver.java:548)
                        	at org.openqa.selenium.remote.RemoteWebDriver.findElement(RemoteWebDriver.java:322)
                        	at org.openqa.selenium.remote.RemoteWebDriver.findElementByXPath(RemoteWebDriver.java:424)
                        	at org.openqa.selenium.By$ByXPath.findElement(By.java:353)
                        	at org.openqa.selenium.remote.RemoteWebDriver.findElement(RemoteWebDriver.java:314)
                        	at utils.SWDFunctions.clickByXpath(SWDFunctions.java:33)
                        	at test_fbLogin.TC2_LoginWithInvalidPassword.test_fbLoginWithInvalidPassword(TC2_LoginWithInvalidPassword.java:23)
                        	at sun.reflect.NativeMethodAccessorImpl.invoke0(Native Method)
                        	at sun.reflect.NativeMethodAccessorImpl.invoke(Unknown Source)
                        	at sun.reflect.DelegatingMethodAccessorImpl.invoke(Unknown Source)
                        	at java.lang.reflect.Method.invoke(Unknown Source)
                        	at org.testng.internal.MethodInvocationHelper.invokeMethod(MethodInvocationHelper.java:85)
                        	at org.testng.internal.Invoker.invokeMethod(Invoker.java:639)
                        	at org.testng.internal.Invoker.invokeTestMethod(Invoker.java:816)
                        	at org.testng.internal.Invoker.invokeTestMethods(Invoker.java:1124)
                        	at org.testng.internal.TestMethodWorker.invokeTestMethods(TestMethodWorker.java:125)
                        	at org.testng.internal.TestMethodWorker.run(TestMethodWorker.java:108)
                        	at org.testng.TestRunner.privateRun(TestRunner.java:774)
                        	at org.testng.TestRunner.run(TestRunner.java:624)
                        	at org.testng.SuiteRunner.runTest(SuiteRunner.java:359)
                        	at org.testng.SuiteRunner.runSequentially(SuiteRunner.java:354)
                        	at org.testng.SuiteRunner.privateRun(SuiteRunner.java:312)
                        	at org.testng.SuiteRunner.run(SuiteRunner.java:261)
                        	at org.testng.SuiteRunnerWorker.runSuite(SuiteRunnerWorker.java:52)
                        	at org.testng.SuiteRunnerWorker.run(SuiteRunnerWorker.java:86)
                        	at org.testng.TestNG.runSuitesSequentially(TestNG.java:1215)
                        	at org.testng.TestNG.runSuitesLocally(TestNG.java:1140)
                        	at org.testng.TestNG.run(TestNG.java:1048)
                        	at org.testng.TestNG.privateMain(TestNG.java:1355)
                        	at org.testng.TestNG.main(TestNG.java:1324)
                     </pre>
                  </div>
               </td>
            </tr>
            <tr id="test_fbLogin.TC2_LoginWithInvalidPassword_tearDown_byClass_PASS3_row"
                class="testMethodStatusPASS testMethodStatusCONF">
               <td width="100%" class="firstMethodCell">
                  <a onclick="toggleDetailsVisibility('test_fbLogin.TC2_LoginWithInvalidPassword_tearDown_byClass_PASS3_details')">tearDown()</a>
               </td>
               <td nowrap="true">11:46:00</td>
               <td nowrap="true" align="right">1s
                  
               </td>
               <td nowrap="true">
                   
                  
               </td>
            </tr>
            <tr>
               <td colspan="4" class="detailsBox">
                  <div id="test_fbLogin.TC2_LoginWithInvalidPassword_tearDown_byClass_PASS3_details"
                       class="testMethodDetails">
                     <div>
                        <b>Name: </b>tearDown
                     </div>
                     <div>
                        <b>Signature: </b>tearDown()[pri:0, instance:test_fbLogin.TC2_LoginWithInvalidPassword@721e0f4f]
                     </div>
                     <div>
                        <b>Start time: </b>11:46:00
                     </div>
                     <div>
                        <b>End time: </b>11:46:01
                     </div>
                     <div>
                        <b>Duration: </b>1s
                        
                     </div>
                  </div>
               </td>
            </tr>
            <tr></tr>
         </table>
         <br></br>
         <table class="testMethodsTable" cellpadding="0" cellspacing="0">
            <tr>
               <td colspan="4">
                  <h3 style="display: inline;">test_fbSignup.CreateFBAccount</h3>
               </td>
            </tr>
            <tr class="methodsTableHeader">
               <td width="100%">Name</td>
               <td nowrap="true">Started</td>
               <td nowrap="true">Duration</td>
               <td>Exception</td>
            </tr>
            <tr id="test_fbSignup.CreateFBAccount_setUp_byClass_PASS1_row"
                class="testMethodStatusPASS testMethodStatusCONF">
               <td width="100%" class="firstMethodCell">
                  <a onclick="toggleDetailsVisibility('test_fbSignup.CreateFBAccount_setUp_byClass_PASS1_details')">setUp(ff)</a>
               </td>
               <td nowrap="true">11:46:01</td>
               <td nowrap="true" align="right">6s
                  
               </td>
               <td nowrap="true">
                   
                  
               </td>
            </tr>
            <tr>
               <td colspan="4" class="detailsBox">
                  <div id="test_fbSignup.CreateFBAccount_setUp_byClass_PASS1_details"
                       class="testMethodDetails">
                     <div>
                        <b>Name: </b>setUp
                     </div>
                     <div>
                        <b>Signature: </b>setUp(java.lang.String)[pri:0, instance:test_fbSignup.CreateFBAccount@28864e92]
                     </div>
                     <div>
                        <b>Parameters: </b>
                        
                        ff
                        
                        
                     </div>
                     <div>
                        <b>Start time: </b>11:46:01
                     </div>
                     <div>
                        <b>End time: </b>11:46:07
                     </div>
                     <div>
                        <b>Duration: </b>6s
                        
                     </div>
                  </div>
               </td>
            </tr>
            <tr></tr>
            <tr id="test_fbSignup.CreateFBAccount_verifyDropdownFuntionlity_byClass_FAIL2_row"
                class="testMethodStatusFAIL">
               <td width="100%" class="firstMethodCell">
                  <a onclick="toggleDetailsVisibility('test_fbSignup.CreateFBAccount_verifyDropdownFuntionlity_byClass_FAIL2_details')">verifyDropdownFuntionlity()</a>
               </td>
               <td nowrap="true">11:46:07</td>
               <td nowrap="true" align="right">49 ms
                  
               </td>
               <td nowrap="true">
                  <a onclick="toggleDetailsVisibility('test_fbSignup.CreateFBAccount_verifyDropdownFuntionlity_byClass_FAIL2_exception')">org.openqa.selenium.InvalidSelectorException: 
                     Given css selector expression "#" is invalid: InvalidSelectorError: '#' is not a valid selector: "#"
                     For documentation on this error, please visit: http://seleniumhq.org/exceptions/invalid_selector_exception.html
                     Build info: version: '3.14.0', revision: 'aacccce0', time: '2018-08-02T20:05:20.749Z'
                     System info: host: 'DESKTOP-D7B0KO9', ip: '192.168.1.27', os.name: 'Windows 10', os.arch: 'amd64', os.version: '10.0', java.version:
                     '1.8.0_172'
                     Driver info: org.openqa.selenium.firefox.FirefoxDriver
                     Capabilities {acceptInsecureCerts: true, browserName: firefox, browserVersion: 63.0.3, javascriptEnabled: true, moz:accessibilityChecks:
                     false, moz:geckodriverVersion: 0.23.0, moz:headless: false, moz:processID: 14616, moz:profile: C:\Users\talentTEK\AppData\...,
                     moz:useNonSpecCompliantPointerOrigin: false, moz:webdriverClick: true, pageLoadStrategy: normal, platform: WINDOWS, platformName:
                     WINDOWS, platformVersion: 10.0, rotatable: false, setWindowRect: true, timeouts: {implicit: 0, pageLoad: 300000, script: 30000},
                     unhandledPromptBehavior: dismiss and notify}
                     Session ID: bf57baf1-0e36-4899-b33e-2f7b53de1b7a
                     *** Element info: {Using=id, value=}
                     
                  </a>
                   
                  
               </td>
            </tr>
            <tr>
               <td colspan="4" class="detailsBox">
                  <div id="test_fbSignup.CreateFBAccount_verifyDropdownFuntionlity_byClass_FAIL2_details"
                       class="testMethodDetails">
                     <div>
                        <b>Name: </b>verifyDropdownFuntionlity
                     </div>
                     <div>
                        <b>Signature: </b>verifyDropdownFuntionlity()[pri:0, instance:test_fbSignup.CreateFBAccount@28864e92]
                     </div>
                     <div>
                        <b>Start time: </b>11:46:07
                     </div>
                     <div>
                        <b>End time: </b>11:46:07
                     </div>
                     <div>
                        <b>Duration: </b>49 ms
                        
                     </div>
                  </div>
               </td>
            </tr>
            <tr>
               <td colspan="4" class="detailsBox">
                  <div id="test_fbSignup.CreateFBAccount_verifyDropdownFuntionlity_byClass_FAIL2_exception"
                       class="testMethodDetails">
                     <pre style="padding: 5px; margin: 0;">org.openqa.selenium.InvalidSelectorException: Given css selector expression "#" is invalid: InvalidSelectorError: '#' is not
                        a valid selector: "#"
                        For documentation on this error, please visit: http://seleniumhq.org/exceptions/invalid_selector_exception.html
                        Build info: version: '3.14.0', revision: 'aacccce0', time: '2018-08-02T20:05:20.749Z'
                        System info: host: 'DESKTOP-D7B0KO9', ip: '192.168.1.27', os.name: 'Windows 10', os.arch: 'amd64', os.version: '10.0', java.version:
                        '1.8.0_172'
                        Driver info: org.openqa.selenium.firefox.FirefoxDriver
                        Capabilities {acceptInsecureCerts: true, browserName: firefox, browserVersion: 63.0.3, javascriptEnabled: true, moz:accessibilityChecks:
                        false, moz:geckodriverVersion: 0.23.0, moz:headless: false, moz:processID: 14616, moz:profile: C:\Users\talentTEK\AppData\...,
                        moz:useNonSpecCompliantPointerOrigin: false, moz:webdriverClick: true, pageLoadStrategy: normal, platform: WINDOWS, platformName:
                        WINDOWS, platformVersion: 10.0, rotatable: false, setWindowRect: true, timeouts: {implicit: 0, pageLoad: 300000, script: 30000},
                        unhandledPromptBehavior: dismiss and notify}
                        Session ID: bf57baf1-0e36-4899-b33e-2f7b53de1b7a
                        *** Element info: {Using=id, value=}
                        	at sun.reflect.NativeConstructorAccessorImpl.newInstance0(Native Method)
                        	at sun.reflect.NativeConstructorAccessorImpl.newInstance(Unknown Source)
                        	at sun.reflect.DelegatingConstructorAccessorImpl.newInstance(Unknown Source)
                        	at java.lang.reflect.Constructor.newInstance(Unknown Source)
                        	at org.openqa.selenium.remote.http.W3CHttpResponseCodec.createException(W3CHttpResponseCodec.java:187)
                        	at org.openqa.selenium.remote.http.W3CHttpResponseCodec.decode(W3CHttpResponseCodec.java:122)
                        	at org.openqa.selenium.remote.http.W3CHttpResponseCodec.decode(W3CHttpResponseCodec.java:49)
                        	at org.openqa.selenium.remote.HttpCommandExecutor.execute(HttpCommandExecutor.java:158)
                        	at org.openqa.selenium.remote.service.DriverCommandExecutor.execute(DriverCommandExecutor.java:83)
                        	at org.openqa.selenium.remote.RemoteWebDriver.execute(RemoteWebDriver.java:548)
                        	at org.openqa.selenium.remote.RemoteWebDriver.findElement(RemoteWebDriver.java:322)
                        	at org.openqa.selenium.remote.RemoteWebDriver.findElementById(RemoteWebDriver.java:368)
                        	at org.openqa.selenium.By$ById.findElement(By.java:188)
                        	at org.openqa.selenium.remote.RemoteWebDriver.findElement(RemoteWebDriver.java:314)
                        	at utils.SWDFunctions.dropDownByIdUsingValue(SWDFunctions.java:44)
                        	at test_fbSignup.CreateFBAccount.verifyDropdownFuntionlity(CreateFBAccount.java:12)
                        	at sun.reflect.NativeMethodAccessorImpl.invoke0(Native Method)
                        	at sun.reflect.NativeMethodAccessorImpl.invoke(Unknown Source)
                        	at sun.reflect.DelegatingMethodAccessorImpl.invoke(Unknown Source)
                        	at java.lang.reflect.Method.invoke(Unknown Source)
                        	at org.testng.internal.MethodInvocationHelper.invokeMethod(MethodInvocationHelper.java:85)
                        	at org.testng.internal.Invoker.invokeMethod(Invoker.java:639)
                        	at org.testng.internal.Invoker.invokeTestMethod(Invoker.java:816)
                        	at org.testng.internal.Invoker.invokeTestMethods(Invoker.java:1124)
                        	at org.testng.internal.TestMethodWorker.invokeTestMethods(TestMethodWorker.java:125)
                        	at org.testng.internal.TestMethodWorker.run(TestMethodWorker.java:108)
                        	at org.testng.TestRunner.privateRun(TestRunner.java:774)
                        	at org.testng.TestRunner.run(TestRunner.java:624)
                        	at org.testng.SuiteRunner.runTest(SuiteRunner.java:359)
                        	at org.testng.SuiteRunner.runSequentially(SuiteRunner.java:354)
                        	at org.testng.SuiteRunner.privateRun(SuiteRunner.java:312)
                        	at org.testng.SuiteRunner.run(SuiteRunner.java:261)
                        	at org.testng.SuiteRunnerWorker.runSuite(SuiteRunnerWorker.java:52)
                        	at org.testng.SuiteRunnerWorker.run(SuiteRunnerWorker.java:86)
                        	at org.testng.TestNG.runSuitesSequentially(TestNG.java:1215)
                        	at org.testng.TestNG.runSuitesLocally(TestNG.java:1140)
                        	at org.testng.TestNG.run(TestNG.java:1048)
                        	at org.testng.TestNG.privateMain(TestNG.java:1355)
                        	at org.testng.TestNG.main(TestNG.java:1324)
                     </pre>
                  </div>
               </td>
            </tr>
            <tr id="test_fbSignup.CreateFBAccount_tearDown_byClass_PASS3_row"
                class="testMethodStatusPASS testMethodStatusCONF">
               <td width="100%" class="firstMethodCell">
                  <a onclick="toggleDetailsVisibility('test_fbSignup.CreateFBAccount_tearDown_byClass_PASS3_details')">tearDown()</a>
               </td>
               <td nowrap="true">11:46:07</td>
               <td nowrap="true" align="right">1s
                  
               </td>
               <td nowrap="true">
                   
                  
               </td>
            </tr>
            <tr>
               <td colspan="4" class="detailsBox">
                  <div id="test_fbSignup.CreateFBAccount_tearDown_byClass_PASS3_details"
                       class="testMethodDetails">
                     <div>
                        <b>Name: </b>tearDown
                     </div>
                     <div>
                        <b>Signature: </b>tearDown()[pri:0, instance:test_fbSignup.CreateFBAccount@28864e92]
                     </div>
                     <div>
                        <b>Start time: </b>11:46:07
                     </div>
                     <div>
                        <b>End time: </b>11:46:08
                     </div>
                     <div>
                        <b>Duration: </b>1s
                        
                     </div>
                  </div>
               </td>
            </tr>
            <tr></tr>
         </table>
         <br></br>
      </div>
      <div style="margin-top: 15px; color: gray; text-align: center; font-size: 9px;">
         Generated with
         
         <a href="http://code.google.com/p/testng-xslt/" style="color: #8888aa;"
            target="_blank">
            TestNG XSLT
            
         </a>
      </div>
   </body>
</html>