<html xmlns:math="http://exslt.org/math" xmlns:testng="http://testng.org">
   <head>
      <title>TestNG Results</title>
      <meta http-equiv="content-type" content="text/html; charset=utf-8"></meta>
      <meta http-equiv="pragma" content="no-cache"></meta>
      <meta http-equiv="cache-control" content="max-age=0"></meta>
      <meta http-equiv="cache-control" content="no-cache"></meta>
      <meta http-equiv="cache-control" content="no-store"></meta>
      <LINK rel="stylesheet" href="style.css"></LINK>
      <script type="text/javascript" src="main.js"></script>
   </head>
   <body>
      <table width="100%" style="font-size: 16px; margin-bottom: 10px;" cellspacing="1">
         <tr>
            <td width="100%">
               Test case
               
               <b>Internet Exp test</b>
            </td>
            <td style="background-color: #FFBBBB; padding: 3px 3px 3px 0;" align="center">
               <div style="width: 50px;">0</div>
            </td>
            <td style="background-color: lightgreen; padding: 3px 3px 3px 0;" align="center">
               <div style="width: 50px;">0</div>
            </td>
            <td style="background-color: #FFFFBB; padding: 3px 3px 3px 0;" align="center">
               <div style="width: 50px;">5</div>
            </td>
            <td align="center" style="background-color: #eaf0f7; padding: 3px 3px 3px 0;">
               <div style="width: 50px;">5</div>
            </td>
            <td align="center"
                style="font-weight: bold; background-color: #eaf0f7; padding: 3px 3px 3px 0;">
               <div style="width: 50px;">0%</div>
            </td>
            <td style="background-color: #eaf0f7; padding: 3px 3px 3px 0;" align="center"
                nowrap="true">5 ms
               
            </td>
         </tr>
      </table>
      <div style="width: 200px;">
         <label for="groupMethodsCheckBox" style="font-weight: bold; margin: 0;">
            <input id="groupMethodsCheckBox" type="checkbox" onclick="switchTestMethodsView(this)"></input>
            Group by class
            
         </label>
         <br></br>
         <label for="methodsFilter_ALL" style="font-weight: bold; margin: 0;">
            <input id="methodsFilter_ALL" type="checkbox"
                   onclick="testMethodsFilterChanged(this, 'ALL')"></input>
            All
            
         </label>
      </div>
      <label for="methodsFilter_FAIL" style="margin-left: 20px;">
         <input id="methodsFilter_FAIL" type="checkbox"
                onclick="testMethodsFilterChanged(this, 'FAIL')"
                checked=""></input>
         Failed
         
      </label>
      <label for="methodsFilter_PASS">
         <input id="methodsFilter_PASS" type="checkbox"
                onclick="testMethodsFilterChanged(this, 'PASS')"
                checked=""></input>
         Passed
         
      </label>
      <label for="methodsFilter_SKIP">
         <input id="methodsFilter_SKIP" type="checkbox"
                onclick="testMethodsFilterChanged(this, 'SKIP')"
                checked=""></input>
         Skipped
         
      </label>
      <label for="methodsFilter_CONF">
         <input id="methodsFilter_CONF" type="checkbox"
                onclick="testMethodsFilterChanged(this, 'CONF')"></input>
         Config
         
      </label>
      <br></br>
      <div id="testMethodsByStatus">
         <table class="testMethodsTable" cellpadding="0" cellspacing="0">
            <tr class="methodsTableHeader">
               <td width="100%">Name</td>
               <td nowrap="true">Started</td>
               <td nowrap="true">Duration</td>
               <td>Exception</td>
            </tr>
            <tr id="test_fbLogin.TC1_LoginWithInvalidCredential_setUp_byStatus_failed_FAIL1_row"
                class="testMethodStatusFAIL testMethodStatusCONF">
               <td width="100%" class="firstMethodCell">
                  <a onclick="toggleDetailsVisibility('test_fbLogin.TC1_LoginWithInvalidCredential_setUp_byStatus_failed_FAIL1_details')">setUp(ie)</a>
               </td>
               <td nowrap="true">12:23:13</td>
               <td nowrap="true" align="right">0 ms
                  
               </td>
               <td nowrap="true">
                  <a onclick="toggleDetailsVisibility('test_fbLogin.TC1_LoginWithInvalidCredential_setUp_byStatus_failed_FAIL1_exception')">java.lang.NullPointerException: </a>
                   
                  
               </td>
            </tr>
            <tr>
               <td colspan="4" class="detailsBox">
                  <div id="test_fbLogin.TC1_LoginWithInvalidCredential_setUp_byStatus_failed_FAIL1_details"
                       class="testMethodDetails">
                     <div>
                        <b>Name: </b>setUp
                     </div>
                     <div>
                        <b>Signature: </b>setUp(java.lang.String)[pri:0, instance:test_fbLogin.TC1_LoginWithInvalidCredential@17550481]
                     </div>
                     <div>
                        <b>Parameters: </b>
                        
                        ie
                        
                        
                     </div>
                     <div>
                        <b>Start time: </b>12:23:13
                     </div>
                     <div>
                        <b>End time: </b>12:23:13
                     </div>
                     <div>
                        <b>Duration: </b>0 ms
                        
                     </div>
                  </div>
               </td>
            </tr>
            <tr>
               <td colspan="4" class="detailsBox">
                  <div id="test_fbLogin.TC1_LoginWithInvalidCredential_setUp_byStatus_failed_FAIL1_exception"
                       class="testMethodDetails">
                     <pre style="padding: 5px; margin: 0;">java.lang.NullPointerException
                        	at base.config.setUp(config.java:38)
                        	at sun.reflect.NativeMethodAccessorImpl.invoke0(Native Method)
                        	at sun.reflect.NativeMethodAccessorImpl.invoke(Unknown Source)
                        	at sun.reflect.DelegatingMethodAccessorImpl.invoke(Unknown Source)
                        	at java.lang.reflect.Method.invoke(Unknown Source)
                        	at org.testng.internal.MethodInvocationHelper.invokeMethod(MethodInvocationHelper.java:85)
                        	at org.testng.internal.Invoker.invokeConfigurationMethod(Invoker.java:510)
                        	at org.testng.internal.Invoker.invokeConfigurations(Invoker.java:211)
                        	at org.testng.internal.Invoker.invokeMethod(Invoker.java:585)
                        	at org.testng.internal.Invoker.invokeTestMethod(Invoker.java:816)
                        	at org.testng.internal.Invoker.invokeTestMethods(Invoker.java:1124)
                        	at org.testng.internal.TestMethodWorker.invokeTestMethods(TestMethodWorker.java:125)
                        	at org.testng.internal.TestMethodWorker.run(TestMethodWorker.java:108)
                        	at org.testng.TestRunner.privateRun(TestRunner.java:774)
                        	at org.testng.TestRunner.run(TestRunner.java:624)
                        	at org.testng.SuiteRunner.runTest(SuiteRunner.java:359)
                        	at org.testng.SuiteRunner.runSequentially(SuiteRunner.java:354)
                        	at org.testng.SuiteRunner.privateRun(SuiteRunner.java:312)
                        	at org.testng.SuiteRunner.run(SuiteRunner.java:261)
                        	at org.testng.SuiteRunnerWorker.runSuite(SuiteRunnerWorker.java:52)
                        	at org.testng.SuiteRunnerWorker.run(SuiteRunnerWorker.java:86)
                        	at org.testng.TestNG.runSuitesSequentially(TestNG.java:1215)
                        	at org.testng.TestNG.runSuitesLocally(TestNG.java:1140)
                        	at org.testng.TestNG.run(TestNG.java:1048)
                        	at org.testng.TestNG.privateMain(TestNG.java:1355)
                        	at org.testng.TestNG.main(TestNG.java:1324)
                     </pre>
                  </div>
               </td>
            </tr>
            <tr id="test_fbLogin.TC1_LoginWithInvalidCredential_beforeSuite_byStatus_passed_PASS1_row"
                class="testMethodStatusPASS testMethodStatusCONF">
               <td width="100%" class="firstMethodCell">
                  <a onclick="toggleDetailsVisibility('test_fbLogin.TC1_LoginWithInvalidCredential_beforeSuite_byStatus_passed_PASS1_details')">beforeSuite()</a>
               </td>
               <td nowrap="true">12:21:42</td>
               <td nowrap="true" align="right">21 ms
                  
               </td>
               <td nowrap="true">
                   
                  
               </td>
            </tr>
            <tr>
               <td colspan="4" class="detailsBox">
                  <div id="test_fbLogin.TC1_LoginWithInvalidCredential_beforeSuite_byStatus_passed_PASS1_details"
                       class="testMethodDetails">
                     <div>
                        <b>Name: </b>beforeSuite
                     </div>
                     <div>
                        <b>Signature: </b>beforeSuite()[pri:0, instance:test_fbLogin.TC1_LoginWithInvalidCredential@17550481]
                     </div>
                     <div>
                        <b>Start time: </b>12:21:42
                     </div>
                     <div>
                        <b>End time: </b>12:21:42
                     </div>
                     <div>
                        <b>Duration: </b>21 ms
                        
                     </div>
                  </div>
               </td>
            </tr>
            <tr></tr>
            <tr id="test_fbLogin.TC1_LoginWithInvalidCredential_tearDown_byStatus_skiped_SKIP1_row"
                class="testMethodStatusSKIP testMethodStatusCONF">
               <td width="100%" class="firstMethodCell">
                  <a onclick="toggleDetailsVisibility('test_fbLogin.TC1_LoginWithInvalidCredential_tearDown_byStatus_skiped_SKIP1_details')">tearDown()</a>
               </td>
               <td nowrap="true">12:23:13</td>
               <td nowrap="true" align="right">0 ms
                  
               </td>
               <td nowrap="true">
                   
                  
               </td>
            </tr>
            <tr>
               <td colspan="4" class="detailsBox">
                  <div id="test_fbLogin.TC1_LoginWithInvalidCredential_tearDown_byStatus_skiped_SKIP1_details"
                       class="testMethodDetails">
                     <div>
                        <b>Name: </b>tearDown
                     </div>
                     <div>
                        <b>Signature: </b>tearDown()[pri:0, instance:test_fbLogin.TC1_LoginWithInvalidCredential@17550481]
                     </div>
                     <div>
                        <b>Start time: </b>12:23:13
                     </div>
                     <div>
                        <b>End time: </b>12:23:13
                     </div>
                     <div>
                        <b>Duration: </b>0 ms
                        
                     </div>
                  </div>
               </td>
            </tr>
            <tr></tr>
            <tr id="test_fbLogin.TC1_LoginWithInvalidCredential_test_fbLoginWithInvalidCredential_byStatus_skiped_SKIP2_row"
                class="testMethodStatusSKIP">
               <td width="100%" class="firstMethodCell">
                  <a onclick="toggleDetailsVisibility('test_fbLogin.TC1_LoginWithInvalidCredential_test_fbLoginWithInvalidCredential_byStatus_skiped_SKIP2_details')">test_fbLoginWithInvalidCredential()</a>
               </td>
               <td nowrap="true">12:23:13</td>
               <td nowrap="true" align="right">0 ms
                  
               </td>
               <td nowrap="true">
                   
                  
               </td>
            </tr>
            <tr>
               <td colspan="4" class="detailsBox">
                  <div id="test_fbLogin.TC1_LoginWithInvalidCredential_test_fbLoginWithInvalidCredential_byStatus_skiped_SKIP2_details"
                       class="testMethodDetails">
                     <div>
                        <b>Name: </b>test_fbLoginWithInvalidCredential
                     </div>
                     <div>
                        <b>Signature: </b>test_fbLoginWithInvalidCredential()[pri:0, instance:test_fbLogin.TC1_LoginWithInvalidCredential@17550481]
                     </div>
                     <div>
                        <b>Start time: </b>12:23:13
                     </div>
                     <div>
                        <b>End time: </b>12:23:13
                     </div>
                     <div>
                        <b>Duration: </b>0 ms
                        
                     </div>
                  </div>
               </td>
            </tr>
            <tr></tr>
            <tr id="test_fbLogin.TC1_LoginWithInvalidCredential_closeDriver_byStatus_skiped_SKIP3_row"
                class="testMethodStatusSKIP testMethodStatusCONF">
               <td width="100%" class="firstMethodCell">
                  <a onclick="toggleDetailsVisibility('test_fbLogin.TC1_LoginWithInvalidCredential_closeDriver_byStatus_skiped_SKIP3_details')">closeDriver()</a>
               </td>
               <td nowrap="true">12:23:13</td>
               <td nowrap="true" align="right">0 ms
                  
               </td>
               <td nowrap="true">
                   
                  
               </td>
            </tr>
            <tr>
               <td colspan="4" class="detailsBox">
                  <div id="test_fbLogin.TC1_LoginWithInvalidCredential_closeDriver_byStatus_skiped_SKIP3_details"
                       class="testMethodDetails">
                     <div>
                        <b>Name: </b>closeDriver
                     </div>
                     <div>
                        <b>Signature: </b>closeDriver()[pri:0, instance:test_fbLogin.TC1_LoginWithInvalidCredential@17550481]
                     </div>
                     <div>
                        <b>Start time: </b>12:23:13
                     </div>
                     <div>
                        <b>End time: </b>12:23:13
                     </div>
                     <div>
                        <b>Duration: </b>0 ms
                        
                     </div>
                  </div>
               </td>
            </tr>
            <tr></tr>
            <tr id="test_fbLogin.TC1_LoginWithInvalidCredential_afterSuite_byStatus_skiped_SKIP4_row"
                class="testMethodStatusSKIP testMethodStatusCONF">
               <td width="100%" class="firstMethodCell">
                  <a onclick="toggleDetailsVisibility('test_fbLogin.TC1_LoginWithInvalidCredential_afterSuite_byStatus_skiped_SKIP4_details')">afterSuite()</a>
               </td>
               <td nowrap="true">12:23:13</td>
               <td nowrap="true" align="right">0 ms
                  
               </td>
               <td nowrap="true">
                   
                  
               </td>
            </tr>
            <tr>
               <td colspan="4" class="detailsBox">
                  <div id="test_fbLogin.TC1_LoginWithInvalidCredential_afterSuite_byStatus_skiped_SKIP4_details"
                       class="testMethodDetails">
                     <div>
                        <b>Name: </b>afterSuite
                     </div>
                     <div>
                        <b>Signature: </b>afterSuite()[pri:0, instance:test_fbLogin.TC1_LoginWithInvalidCredential@17550481]
                     </div>
                     <div>
                        <b>Start time: </b>12:23:13
                     </div>
                     <div>
                        <b>End time: </b>12:23:13
                     </div>
                     <div>
                        <b>Duration: </b>0 ms
                        
                     </div>
                  </div>
               </td>
            </tr>
            <tr></tr>
            <tr id="test_fbLogin.TC2_LoginWithInvalidPassword_setUp_byStatus_skiped_SKIP5_row"
                class="testMethodStatusSKIP testMethodStatusCONF">
               <td width="100%" class="firstMethodCell">
                  <a onclick="toggleDetailsVisibility('test_fbLogin.TC2_LoginWithInvalidPassword_setUp_byStatus_skiped_SKIP5_details')">setUp()</a>
               </td>
               <td nowrap="true">12:23:13</td>
               <td nowrap="true" align="right">0 ms
                  
               </td>
               <td nowrap="true">
                   
                  
               </td>
            </tr>
            <tr>
               <td colspan="4" class="detailsBox">
                  <div id="test_fbLogin.TC2_LoginWithInvalidPassword_setUp_byStatus_skiped_SKIP5_details"
                       class="testMethodDetails">
                     <div>
                        <b>Name: </b>setUp
                     </div>
                     <div>
                        <b>Signature: </b>setUp(java.lang.String)[pri:0, instance:test_fbLogin.TC2_LoginWithInvalidPassword@735f7ae5]
                     </div>
                     <div>
                        <b>Start time: </b>12:23:13
                     </div>
                     <div>
                        <b>End time: </b>12:23:13
                     </div>
                     <div>
                        <b>Duration: </b>0 ms
                        
                     </div>
                  </div>
               </td>
            </tr>
            <tr></tr>
            <tr id="test_fbLogin.TC2_LoginWithInvalidPassword_test_fbLoginWithInvalidPassword_byStatus_skiped_SKIP6_row"
                class="testMethodStatusSKIP">
               <td width="100%" class="firstMethodCell">
                  <a onclick="toggleDetailsVisibility('test_fbLogin.TC2_LoginWithInvalidPassword_test_fbLoginWithInvalidPassword_byStatus_skiped_SKIP6_details')">test_fbLoginWithInvalidPassword()</a>
               </td>
               <td nowrap="true">12:23:13</td>
               <td nowrap="true" align="right">1 ms
                  
               </td>
               <td nowrap="true">
                   
                  
               </td>
            </tr>
            <tr>
               <td colspan="4" class="detailsBox">
                  <div id="test_fbLogin.TC2_LoginWithInvalidPassword_test_fbLoginWithInvalidPassword_byStatus_skiped_SKIP6_details"
                       class="testMethodDetails">
                     <div>
                        <b>Name: </b>test_fbLoginWithInvalidPassword
                     </div>
                     <div>
                        <b>Signature: </b>test_fbLoginWithInvalidPassword()[pri:0, instance:test_fbLogin.TC2_LoginWithInvalidPassword@735f7ae5]
                     </div>
                     <div>
                        <b>Start time: </b>12:23:13
                     </div>
                     <div>
                        <b>End time: </b>12:23:13
                     </div>
                     <div>
                        <b>Duration: </b>1 ms
                        
                     </div>
                  </div>
               </td>
            </tr>
            <tr></tr>
            <tr id="test_fbLogin.TC2_LoginWithInvalidPassword_tearDown_byStatus_skiped_SKIP7_row"
                class="testMethodStatusSKIP testMethodStatusCONF">
               <td width="100%" class="firstMethodCell">
                  <a onclick="toggleDetailsVisibility('test_fbLogin.TC2_LoginWithInvalidPassword_tearDown_byStatus_skiped_SKIP7_details')">tearDown()</a>
               </td>
               <td nowrap="true">12:23:13</td>
               <td nowrap="true" align="right">0 ms
                  
               </td>
               <td nowrap="true">
                   
                  
               </td>
            </tr>
            <tr>
               <td colspan="4" class="detailsBox">
                  <div id="test_fbLogin.TC2_LoginWithInvalidPassword_tearDown_byStatus_skiped_SKIP7_details"
                       class="testMethodDetails">
                     <div>
                        <b>Name: </b>tearDown
                     </div>
                     <div>
                        <b>Signature: </b>tearDown()[pri:0, instance:test_fbLogin.TC2_LoginWithInvalidPassword@735f7ae5]
                     </div>
                     <div>
                        <b>Start time: </b>12:23:13
                     </div>
                     <div>
                        <b>End time: </b>12:23:13
                     </div>
                     <div>
                        <b>Duration: </b>0 ms
                        
                     </div>
                  </div>
               </td>
            </tr>
            <tr></tr>
            <tr id="test_fbSignup.CreateFBAccount_setUp_byStatus_skiped_SKIP8_row"
                class="testMethodStatusSKIP testMethodStatusCONF">
               <td width="100%" class="firstMethodCell">
                  <a onclick="toggleDetailsVisibility('test_fbSignup.CreateFBAccount_setUp_byStatus_skiped_SKIP8_details')">setUp()</a>
               </td>
               <td nowrap="true">12:23:13</td>
               <td nowrap="true" align="right">0 ms
                  
               </td>
               <td nowrap="true">
                   
                  
               </td>
            </tr>
            <tr>
               <td colspan="4" class="detailsBox">
                  <div id="test_fbSignup.CreateFBAccount_setUp_byStatus_skiped_SKIP8_details"
                       class="testMethodDetails">
                     <div>
                        <b>Name: </b>setUp
                     </div>
                     <div>
                        <b>Signature: </b>setUp(java.lang.String)[pri:0, instance:test_fbSignup.CreateFBAccount@180bc464]
                     </div>
                     <div>
                        <b>Start time: </b>12:23:13
                     </div>
                     <div>
                        <b>End time: </b>12:23:13
                     </div>
                     <div>
                        <b>Duration: </b>0 ms
                        
                     </div>
                  </div>
               </td>
            </tr>
            <tr></tr>
            <tr id="test_fbSignup.CreateFBAccount_tearDown_byStatus_skiped_SKIP9_row"
                class="testMethodStatusSKIP testMethodStatusCONF">
               <td width="100%" class="firstMethodCell">
                  <a onclick="toggleDetailsVisibility('test_fbSignup.CreateFBAccount_tearDown_byStatus_skiped_SKIP9_details')">tearDown()</a>
               </td>
               <td nowrap="true">12:23:13</td>
               <td nowrap="true" align="right">0 ms
                  
               </td>
               <td nowrap="true">
                   
                  
               </td>
            </tr>
            <tr>
               <td colspan="4" class="detailsBox">
                  <div id="test_fbSignup.CreateFBAccount_tearDown_byStatus_skiped_SKIP9_details"
                       class="testMethodDetails">
                     <div>
                        <b>Name: </b>tearDown
                     </div>
                     <div>
                        <b>Signature: </b>tearDown()[pri:0, instance:test_fbSignup.CreateFBAccount@180bc464]
                     </div>
                     <div>
                        <b>Start time: </b>12:23:13
                     </div>
                     <div>
                        <b>End time: </b>12:23:13
                     </div>
                     <div>
                        <b>Duration: </b>0 ms
                        
                     </div>
                  </div>
               </td>
            </tr>
            <tr></tr>
            <tr id="test_fbSignup.CreateFBAccount_verifyDropdownFuntionlity_byStatus_skiped_SKIP10_row"
                class="testMethodStatusSKIP">
               <td width="100%" class="firstMethodCell">
                  <a onclick="toggleDetailsVisibility('test_fbSignup.CreateFBAccount_verifyDropdownFuntionlity_byStatus_skiped_SKIP10_details')">verifyDropdownFuntionlity()</a>
               </td>
               <td nowrap="true">12:23:13</td>
               <td nowrap="true" align="right">0 ms
                  
               </td>
               <td nowrap="true">
                   
                  
               </td>
            </tr>
            <tr>
               <td colspan="4" class="detailsBox">
                  <div id="test_fbSignup.CreateFBAccount_verifyDropdownFuntionlity_byStatus_skiped_SKIP10_details"
                       class="testMethodDetails">
                     <div>
                        <b>Name: </b>verifyDropdownFuntionlity
                     </div>
                     <div>
                        <b>Signature: </b>verifyDropdownFuntionlity()[pri:0, instance:test_fbSignup.CreateFBAccount@180bc464]
                     </div>
                     <div>
                        <b>Start time: </b>12:23:13
                     </div>
                     <div>
                        <b>End time: </b>12:23:13
                     </div>
                     <div>
                        <b>Duration: </b>0 ms
                        
                     </div>
                  </div>
               </td>
            </tr>
            <tr></tr>
            <tr id="test_assert.AssertTesting_testAssertion_byStatus_skiped_SKIP11_row"
                class="testMethodStatusSKIP">
               <td width="100%" class="firstMethodCell">
                  <a onclick="toggleDetailsVisibility('test_assert.AssertTesting_testAssertion_byStatus_skiped_SKIP11_details')">testAssertion()</a>
               </td>
               <td nowrap="true">12:23:13</td>
               <td nowrap="true" align="right">0 ms
                  
               </td>
               <td nowrap="true">
                   
                  
               </td>
            </tr>
            <tr>
               <td colspan="4" class="detailsBox">
                  <div id="test_assert.AssertTesting_testAssertion_byStatus_skiped_SKIP11_details"
                       class="testMethodDetails">
                     <div>
                        <b>Name: </b>testAssertion
                     </div>
                     <div>
                        <b>Signature: </b>testAssertion()[pri:0, instance:test_assert.AssertTesting@1324409e]
                     </div>
                     <div>
                        <b>Start time: </b>12:23:13
                     </div>
                     <div>
                        <b>End time: </b>12:23:13
                     </div>
                     <div>
                        <b>Duration: </b>0 ms
                        
                     </div>
                  </div>
               </td>
            </tr>
            <tr></tr>
            <tr id="test_assert.AssertTesting_setUp_byStatus_skiped_SKIP12_row"
                class="testMethodStatusSKIP testMethodStatusCONF">
               <td width="100%" class="firstMethodCell">
                  <a onclick="toggleDetailsVisibility('test_assert.AssertTesting_setUp_byStatus_skiped_SKIP12_details')">setUp()</a>
               </td>
               <td nowrap="true">12:23:13</td>
               <td nowrap="true" align="right">0 ms
                  
               </td>
               <td nowrap="true">
                   
                  
               </td>
            </tr>
            <tr>
               <td colspan="4" class="detailsBox">
                  <div id="test_assert.AssertTesting_setUp_byStatus_skiped_SKIP12_details"
                       class="testMethodDetails">
                     <div>
                        <b>Name: </b>setUp
                     </div>
                     <div>
                        <b>Signature: </b>setUp(java.lang.String)[pri:0, instance:test_assert.AssertTesting@1324409e]
                     </div>
                     <div>
                        <b>Start time: </b>12:23:13
                     </div>
                     <div>
                        <b>End time: </b>12:23:13
                     </div>
                     <div>
                        <b>Duration: </b>0 ms
                        
                     </div>
                  </div>
               </td>
            </tr>
            <tr></tr>
            <tr id="test_assert.AssertTesting_testSoftAssert_byStatus_skiped_SKIP13_row"
                class="testMethodStatusSKIP">
               <td width="100%" class="firstMethodCell">
                  <a onclick="toggleDetailsVisibility('test_assert.AssertTesting_testSoftAssert_byStatus_skiped_SKIP13_details')">testSoftAssert()</a>
               </td>
               <td nowrap="true">12:23:13</td>
               <td nowrap="true" align="right">0 ms
                  
               </td>
               <td nowrap="true">
                   
                  
               </td>
            </tr>
            <tr>
               <td colspan="4" class="detailsBox">
                  <div id="test_assert.AssertTesting_testSoftAssert_byStatus_skiped_SKIP13_details"
                       class="testMethodDetails">
                     <div>
                        <b>Name: </b>testSoftAssert
                     </div>
                     <div>
                        <b>Signature: </b>testSoftAssert()[pri:0, instance:test_assert.AssertTesting@1324409e]
                     </div>
                     <div>
                        <b>Start time: </b>12:23:13
                     </div>
                     <div>
                        <b>End time: </b>12:23:13
                     </div>
                     <div>
                        <b>Duration: </b>0 ms
                        
                     </div>
                  </div>
               </td>
            </tr>
            <tr></tr>
            <tr id="test_assert.AssertTesting_setUp_byStatus_skiped_SKIP14_row"
                class="testMethodStatusSKIP testMethodStatusCONF">
               <td width="100%" class="firstMethodCell">
                  <a onclick="toggleDetailsVisibility('test_assert.AssertTesting_setUp_byStatus_skiped_SKIP14_details')">setUp()</a>
               </td>
               <td nowrap="true">12:23:13</td>
               <td nowrap="true" align="right">0 ms
                  
               </td>
               <td nowrap="true">
                   
                  
               </td>
            </tr>
            <tr>
               <td colspan="4" class="detailsBox">
                  <div id="test_assert.AssertTesting_setUp_byStatus_skiped_SKIP14_details"
                       class="testMethodDetails">
                     <div>
                        <b>Name: </b>setUp
                     </div>
                     <div>
                        <b>Signature: </b>setUp(java.lang.String)[pri:0, instance:test_assert.AssertTesting@1324409e]
                     </div>
                     <div>
                        <b>Start time: </b>12:23:13
                     </div>
                     <div>
                        <b>End time: </b>12:23:13
                     </div>
                     <div>
                        <b>Duration: </b>0 ms
                        
                     </div>
                  </div>
               </td>
            </tr>
            <tr></tr>
            <tr id="test_assert.AssertTesting_tearDown_byStatus_skiped_SKIP15_row"
                class="testMethodStatusSKIP testMethodStatusCONF">
               <td width="100%" class="firstMethodCell">
                  <a onclick="toggleDetailsVisibility('test_assert.AssertTesting_tearDown_byStatus_skiped_SKIP15_details')">tearDown()</a>
               </td>
               <td nowrap="true">12:23:13</td>
               <td nowrap="true" align="right">0 ms
                  
               </td>
               <td nowrap="true">
                   
                  
               </td>
            </tr>
            <tr>
               <td colspan="4" class="detailsBox">
                  <div id="test_assert.AssertTesting_tearDown_byStatus_skiped_SKIP15_details"
                       class="testMethodDetails">
                     <div>
                        <b>Name: </b>tearDown
                     </div>
                     <div>
                        <b>Signature: </b>tearDown()[pri:0, instance:test_assert.AssertTesting@1324409e]
                     </div>
                     <div>
                        <b>Start time: </b>12:23:13
                     </div>
                     <div>
                        <b>End time: </b>12:23:13
                     </div>
                     <div>
                        <b>Duration: </b>0 ms
                        
                     </div>
                  </div>
               </td>
            </tr>
            <tr></tr>
            <tr id="test_assert.AssertTesting_tearDown_byStatus_skiped_SKIP16_row"
                class="testMethodStatusSKIP testMethodStatusCONF">
               <td width="100%" class="firstMethodCell">
                  <a onclick="toggleDetailsVisibility('test_assert.AssertTesting_tearDown_byStatus_skiped_SKIP16_details')">tearDown()</a>
               </td>
               <td nowrap="true">12:23:13</td>
               <td nowrap="true" align="right">0 ms
                  
               </td>
               <td nowrap="true">
                   
                  
               </td>
            </tr>
            <tr>
               <td colspan="4" class="detailsBox">
                  <div id="test_assert.AssertTesting_tearDown_byStatus_skiped_SKIP16_details"
                       class="testMethodDetails">
                     <div>
                        <b>Name: </b>tearDown
                     </div>
                     <div>
                        <b>Signature: </b>tearDown()[pri:0, instance:test_assert.AssertTesting@1324409e]
                     </div>
                     <div>
                        <b>Start time: </b>12:23:13
                     </div>
                     <div>
                        <b>End time: </b>12:23:13
                     </div>
                     <div>
                        <b>Duration: </b>0 ms
                        
                     </div>
                  </div>
               </td>
            </tr>
            <tr></tr>
         </table>
      </div>
      <div id="testMethodsByClass" style="display: none;">
         <table class="testMethodsTable" cellpadding="0" cellspacing="0">
            <tr>
               <td colspan="4">
                  <h3 style="display: inline;">test_assert.AssertTesting</h3>
               </td>
            </tr>
            <tr class="methodsTableHeader">
               <td width="100%">Name</td>
               <td nowrap="true">Started</td>
               <td nowrap="true">Duration</td>
               <td>Exception</td>
            </tr>
            <tr id="test_assert.AssertTesting_testAssertion_byClass_SKIP1_row"
                class="testMethodStatusSKIP">
               <td width="100%" class="firstMethodCell">
                  <a onclick="toggleDetailsVisibility('test_assert.AssertTesting_testAssertion_byClass_SKIP1_details')">testAssertion()</a>
               </td>
               <td nowrap="true">12:23:13</td>
               <td nowrap="true" align="right">0 ms
                  
               </td>
               <td nowrap="true">
                   
                  
               </td>
            </tr>
            <tr>
               <td colspan="4" class="detailsBox">
                  <div id="test_assert.AssertTesting_testAssertion_byClass_SKIP1_details"
                       class="testMethodDetails">
                     <div>
                        <b>Name: </b>testAssertion
                     </div>
                     <div>
                        <b>Signature: </b>testAssertion()[pri:0, instance:test_assert.AssertTesting@1324409e]
                     </div>
                     <div>
                        <b>Start time: </b>12:23:13
                     </div>
                     <div>
                        <b>End time: </b>12:23:13
                     </div>
                     <div>
                        <b>Duration: </b>0 ms
                        
                     </div>
                  </div>
               </td>
            </tr>
            <tr></tr>
            <tr id="test_assert.AssertTesting_setUp_byClass_SKIP2_row"
                class="testMethodStatusSKIP testMethodStatusCONF">
               <td width="100%" class="firstMethodCell">
                  <a onclick="toggleDetailsVisibility('test_assert.AssertTesting_setUp_byClass_SKIP2_details')">setUp()</a>
               </td>
               <td nowrap="true">12:23:13</td>
               <td nowrap="true" align="right">0 ms
                  
               </td>
               <td nowrap="true">
                   
                  
               </td>
            </tr>
            <tr>
               <td colspan="4" class="detailsBox">
                  <div id="test_assert.AssertTesting_setUp_byClass_SKIP2_details"
                       class="testMethodDetails">
                     <div>
                        <b>Name: </b>setUp
                     </div>
                     <div>
                        <b>Signature: </b>setUp(java.lang.String)[pri:0, instance:test_assert.AssertTesting@1324409e]
                     </div>
                     <div>
                        <b>Start time: </b>12:23:13
                     </div>
                     <div>
                        <b>End time: </b>12:23:13
                     </div>
                     <div>
                        <b>Duration: </b>0 ms
                        
                     </div>
                  </div>
               </td>
            </tr>
            <tr></tr>
            <tr id="test_assert.AssertTesting_testSoftAssert_byClass_SKIP3_row"
                class="testMethodStatusSKIP">
               <td width="100%" class="firstMethodCell">
                  <a onclick="toggleDetailsVisibility('test_assert.AssertTesting_testSoftAssert_byClass_SKIP3_details')">testSoftAssert()</a>
               </td>
               <td nowrap="true">12:23:13</td>
               <td nowrap="true" align="right">0 ms
                  
               </td>
               <td nowrap="true">
                   
                  
               </td>
            </tr>
            <tr>
               <td colspan="4" class="detailsBox">
                  <div id="test_assert.AssertTesting_testSoftAssert_byClass_SKIP3_details"
                       class="testMethodDetails">
                     <div>
                        <b>Name: </b>testSoftAssert
                     </div>
                     <div>
                        <b>Signature: </b>testSoftAssert()[pri:0, instance:test_assert.AssertTesting@1324409e]
                     </div>
                     <div>
                        <b>Start time: </b>12:23:13
                     </div>
                     <div>
                        <b>End time: </b>12:23:13
                     </div>
                     <div>
                        <b>Duration: </b>0 ms
                        
                     </div>
                  </div>
               </td>
            </tr>
            <tr></tr>
            <tr id="test_assert.AssertTesting_setUp_byClass_SKIP4_row"
                class="testMethodStatusSKIP testMethodStatusCONF">
               <td width="100%" class="firstMethodCell">
                  <a onclick="toggleDetailsVisibility('test_assert.AssertTesting_setUp_byClass_SKIP4_details')">setUp()</a>
               </td>
               <td nowrap="true">12:23:13</td>
               <td nowrap="true" align="right">0 ms
                  
               </td>
               <td nowrap="true">
                   
                  
               </td>
            </tr>
            <tr>
               <td colspan="4" class="detailsBox">
                  <div id="test_assert.AssertTesting_setUp_byClass_SKIP4_details"
                       class="testMethodDetails">
                     <div>
                        <b>Name: </b>setUp
                     </div>
                     <div>
                        <b>Signature: </b>setUp(java.lang.String)[pri:0, instance:test_assert.AssertTesting@1324409e]
                     </div>
                     <div>
                        <b>Start time: </b>12:23:13
                     </div>
                     <div>
                        <b>End time: </b>12:23:13
                     </div>
                     <div>
                        <b>Duration: </b>0 ms
                        
                     </div>
                  </div>
               </td>
            </tr>
            <tr></tr>
            <tr id="test_assert.AssertTesting_tearDown_byClass_SKIP5_row"
                class="testMethodStatusSKIP testMethodStatusCONF">
               <td width="100%" class="firstMethodCell">
                  <a onclick="toggleDetailsVisibility('test_assert.AssertTesting_tearDown_byClass_SKIP5_details')">tearDown()</a>
               </td>
               <td nowrap="true">12:23:13</td>
               <td nowrap="true" align="right">0 ms
                  
               </td>
               <td nowrap="true">
                   
                  
               </td>
            </tr>
            <tr>
               <td colspan="4" class="detailsBox">
                  <div id="test_assert.AssertTesting_tearDown_byClass_SKIP5_details"
                       class="testMethodDetails">
                     <div>
                        <b>Name: </b>tearDown
                     </div>
                     <div>
                        <b>Signature: </b>tearDown()[pri:0, instance:test_assert.AssertTesting@1324409e]
                     </div>
                     <div>
                        <b>Start time: </b>12:23:13
                     </div>
                     <div>
                        <b>End time: </b>12:23:13
                     </div>
                     <div>
                        <b>Duration: </b>0 ms
                        
                     </div>
                  </div>
               </td>
            </tr>
            <tr></tr>
            <tr id="test_assert.AssertTesting_tearDown_byClass_SKIP6_row"
                class="testMethodStatusSKIP testMethodStatusCONF">
               <td width="100%" class="firstMethodCell">
                  <a onclick="toggleDetailsVisibility('test_assert.AssertTesting_tearDown_byClass_SKIP6_details')">tearDown()</a>
               </td>
               <td nowrap="true">12:23:13</td>
               <td nowrap="true" align="right">0 ms
                  
               </td>
               <td nowrap="true">
                   
                  
               </td>
            </tr>
            <tr>
               <td colspan="4" class="detailsBox">
                  <div id="test_assert.AssertTesting_tearDown_byClass_SKIP6_details"
                       class="testMethodDetails">
                     <div>
                        <b>Name: </b>tearDown
                     </div>
                     <div>
                        <b>Signature: </b>tearDown()[pri:0, instance:test_assert.AssertTesting@1324409e]
                     </div>
                     <div>
                        <b>Start time: </b>12:23:13
                     </div>
                     <div>
                        <b>End time: </b>12:23:13
                     </div>
                     <div>
                        <b>Duration: </b>0 ms
                        
                     </div>
                  </div>
               </td>
            </tr>
            <tr></tr>
         </table>
         <br></br>
         <table class="testMethodsTable" cellpadding="0" cellspacing="0">
            <tr>
               <td colspan="4">
                  <h3 style="display: inline;">test_fbLogin.TC1_LoginWithInvalidCredential</h3>
               </td>
            </tr>
            <tr class="methodsTableHeader">
               <td width="100%">Name</td>
               <td nowrap="true">Started</td>
               <td nowrap="true">Duration</td>
               <td>Exception</td>
            </tr>
            <tr id="test_fbLogin.TC1_LoginWithInvalidCredential_beforeSuite_byClass_PASS1_row"
                class="testMethodStatusPASS testMethodStatusCONF">
               <td width="100%" class="firstMethodCell">
                  <a onclick="toggleDetailsVisibility('test_fbLogin.TC1_LoginWithInvalidCredential_beforeSuite_byClass_PASS1_details')">beforeSuite()</a>
               </td>
               <td nowrap="true">12:21:42</td>
               <td nowrap="true" align="right">21 ms
                  
               </td>
               <td nowrap="true">
                   
                  
               </td>
            </tr>
            <tr>
               <td colspan="4" class="detailsBox">
                  <div id="test_fbLogin.TC1_LoginWithInvalidCredential_beforeSuite_byClass_PASS1_details"
                       class="testMethodDetails">
                     <div>
                        <b>Name: </b>beforeSuite
                     </div>
                     <div>
                        <b>Signature: </b>beforeSuite()[pri:0, instance:test_fbLogin.TC1_LoginWithInvalidCredential@17550481]
                     </div>
                     <div>
                        <b>Start time: </b>12:21:42
                     </div>
                     <div>
                        <b>End time: </b>12:21:42
                     </div>
                     <div>
                        <b>Duration: </b>21 ms
                        
                     </div>
                  </div>
               </td>
            </tr>
            <tr></tr>
            <tr id="test_fbLogin.TC1_LoginWithInvalidCredential_setUp_byClass_FAIL2_row"
                class="testMethodStatusFAIL testMethodStatusCONF">
               <td width="100%" class="firstMethodCell">
                  <a onclick="toggleDetailsVisibility('test_fbLogin.TC1_LoginWithInvalidCredential_setUp_byClass_FAIL2_details')">setUp(ie)</a>
               </td>
               <td nowrap="true">12:23:13</td>
               <td nowrap="true" align="right">0 ms
                  
               </td>
               <td nowrap="true">
                  <a onclick="toggleDetailsVisibility('test_fbLogin.TC1_LoginWithInvalidCredential_setUp_byClass_FAIL2_exception')">java.lang.NullPointerException: </a>
                   
                  
               </td>
            </tr>
            <tr>
               <td colspan="4" class="detailsBox">
                  <div id="test_fbLogin.TC1_LoginWithInvalidCredential_setUp_byClass_FAIL2_details"
                       class="testMethodDetails">
                     <div>
                        <b>Name: </b>setUp
                     </div>
                     <div>
                        <b>Signature: </b>setUp(java.lang.String)[pri:0, instance:test_fbLogin.TC1_LoginWithInvalidCredential@17550481]
                     </div>
                     <div>
                        <b>Parameters: </b>
                        
                        ie
                        
                        
                     </div>
                     <div>
                        <b>Start time: </b>12:23:13
                     </div>
                     <div>
                        <b>End time: </b>12:23:13
                     </div>
                     <div>
                        <b>Duration: </b>0 ms
                        
                     </div>
                  </div>
               </td>
            </tr>
            <tr>
               <td colspan="4" class="detailsBox">
                  <div id="test_fbLogin.TC1_LoginWithInvalidCredential_setUp_byClass_FAIL2_exception"
                       class="testMethodDetails">
                     <pre style="padding: 5px; margin: 0;">java.lang.NullPointerException
                        	at base.config.setUp(config.java:38)
                        	at sun.reflect.NativeMethodAccessorImpl.invoke0(Native Method)
                        	at sun.reflect.NativeMethodAccessorImpl.invoke(Unknown Source)
                        	at sun.reflect.DelegatingMethodAccessorImpl.invoke(Unknown Source)
                        	at java.lang.reflect.Method.invoke(Unknown Source)
                        	at org.testng.internal.MethodInvocationHelper.invokeMethod(MethodInvocationHelper.java:85)
                        	at org.testng.internal.Invoker.invokeConfigurationMethod(Invoker.java:510)
                        	at org.testng.internal.Invoker.invokeConfigurations(Invoker.java:211)
                        	at org.testng.internal.Invoker.invokeMethod(Invoker.java:585)
                        	at org.testng.internal.Invoker.invokeTestMethod(Invoker.java:816)
                        	at org.testng.internal.Invoker.invokeTestMethods(Invoker.java:1124)
                        	at org.testng.internal.TestMethodWorker.invokeTestMethods(TestMethodWorker.java:125)
                        	at org.testng.internal.TestMethodWorker.run(TestMethodWorker.java:108)
                        	at org.testng.TestRunner.privateRun(TestRunner.java:774)
                        	at org.testng.TestRunner.run(TestRunner.java:624)
                        	at org.testng.SuiteRunner.runTest(SuiteRunner.java:359)
                        	at org.testng.SuiteRunner.runSequentially(SuiteRunner.java:354)
                        	at org.testng.SuiteRunner.privateRun(SuiteRunner.java:312)
                        	at org.testng.SuiteRunner.run(SuiteRunner.java:261)
                        	at org.testng.SuiteRunnerWorker.runSuite(SuiteRunnerWorker.java:52)
                        	at org.testng.SuiteRunnerWorker.run(SuiteRunnerWorker.java:86)
                        	at org.testng.TestNG.runSuitesSequentially(TestNG.java:1215)
                        	at org.testng.TestNG.runSuitesLocally(TestNG.java:1140)
                        	at org.testng.TestNG.run(TestNG.java:1048)
                        	at org.testng.TestNG.privateMain(TestNG.java:1355)
                        	at org.testng.TestNG.main(TestNG.java:1324)
                     </pre>
                  </div>
               </td>
            </tr>
            <tr id="test_fbLogin.TC1_LoginWithInvalidCredential_tearDown_byClass_SKIP3_row"
                class="testMethodStatusSKIP testMethodStatusCONF">
               <td width="100%" class="firstMethodCell">
                  <a onclick="toggleDetailsVisibility('test_fbLogin.TC1_LoginWithInvalidCredential_tearDown_byClass_SKIP3_details')">tearDown()</a>
               </td>
               <td nowrap="true">12:23:13</td>
               <td nowrap="true" align="right">0 ms
                  
               </td>
               <td nowrap="true">
                   
                  
               </td>
            </tr>
            <tr>
               <td colspan="4" class="detailsBox">
                  <div id="test_fbLogin.TC1_LoginWithInvalidCredential_tearDown_byClass_SKIP3_details"
                       class="testMethodDetails">
                     <div>
                        <b>Name: </b>tearDown
                     </div>
                     <div>
                        <b>Signature: </b>tearDown()[pri:0, instance:test_fbLogin.TC1_LoginWithInvalidCredential@17550481]
                     </div>
                     <div>
                        <b>Start time: </b>12:23:13
                     </div>
                     <div>
                        <b>End time: </b>12:23:13
                     </div>
                     <div>
                        <b>Duration: </b>0 ms
                        
                     </div>
                  </div>
               </td>
            </tr>
            <tr></tr>
            <tr id="test_fbLogin.TC1_LoginWithInvalidCredential_test_fbLoginWithInvalidCredential_byClass_SKIP4_row"
                class="testMethodStatusSKIP">
               <td width="100%" class="firstMethodCell">
                  <a onclick="toggleDetailsVisibility('test_fbLogin.TC1_LoginWithInvalidCredential_test_fbLoginWithInvalidCredential_byClass_SKIP4_details')">test_fbLoginWithInvalidCredential()</a>
               </td>
               <td nowrap="true">12:23:13</td>
               <td nowrap="true" align="right">0 ms
                  
               </td>
               <td nowrap="true">
                   
                  
               </td>
            </tr>
            <tr>
               <td colspan="4" class="detailsBox">
                  <div id="test_fbLogin.TC1_LoginWithInvalidCredential_test_fbLoginWithInvalidCredential_byClass_SKIP4_details"
                       class="testMethodDetails">
                     <div>
                        <b>Name: </b>test_fbLoginWithInvalidCredential
                     </div>
                     <div>
                        <b>Signature: </b>test_fbLoginWithInvalidCredential()[pri:0, instance:test_fbLogin.TC1_LoginWithInvalidCredential@17550481]
                     </div>
                     <div>
                        <b>Start time: </b>12:23:13
                     </div>
                     <div>
                        <b>End time: </b>12:23:13
                     </div>
                     <div>
                        <b>Duration: </b>0 ms
                        
                     </div>
                  </div>
               </td>
            </tr>
            <tr></tr>
            <tr id="test_fbLogin.TC1_LoginWithInvalidCredential_closeDriver_byClass_SKIP5_row"
                class="testMethodStatusSKIP testMethodStatusCONF">
               <td width="100%" class="firstMethodCell">
                  <a onclick="toggleDetailsVisibility('test_fbLogin.TC1_LoginWithInvalidCredential_closeDriver_byClass_SKIP5_details')">closeDriver()</a>
               </td>
               <td nowrap="true">12:23:13</td>
               <td nowrap="true" align="right">0 ms
                  
               </td>
               <td nowrap="true">
                   
                  
               </td>
            </tr>
            <tr>
               <td colspan="4" class="detailsBox">
                  <div id="test_fbLogin.TC1_LoginWithInvalidCredential_closeDriver_byClass_SKIP5_details"
                       class="testMethodDetails">
                     <div>
                        <b>Name: </b>closeDriver
                     </div>
                     <div>
                        <b>Signature: </b>closeDriver()[pri:0, instance:test_fbLogin.TC1_LoginWithInvalidCredential@17550481]
                     </div>
                     <div>
                        <b>Start time: </b>12:23:13
                     </div>
                     <div>
                        <b>End time: </b>12:23:13
                     </div>
                     <div>
                        <b>Duration: </b>0 ms
                        
                     </div>
                  </div>
               </td>
            </tr>
            <tr></tr>
            <tr id="test_fbLogin.TC1_LoginWithInvalidCredential_afterSuite_byClass_SKIP6_row"
                class="testMethodStatusSKIP testMethodStatusCONF">
               <td width="100%" class="firstMethodCell">
                  <a onclick="toggleDetailsVisibility('test_fbLogin.TC1_LoginWithInvalidCredential_afterSuite_byClass_SKIP6_details')">afterSuite()</a>
               </td>
               <td nowrap="true">12:23:13</td>
               <td nowrap="true" align="right">0 ms
                  
               </td>
               <td nowrap="true">
                   
                  
               </td>
            </tr>
            <tr>
               <td colspan="4" class="detailsBox">
                  <div id="test_fbLogin.TC1_LoginWithInvalidCredential_afterSuite_byClass_SKIP6_details"
                       class="testMethodDetails">
                     <div>
                        <b>Name: </b>afterSuite
                     </div>
                     <div>
                        <b>Signature: </b>afterSuite()[pri:0, instance:test_fbLogin.TC1_LoginWithInvalidCredential@17550481]
                     </div>
                     <div>
                        <b>Start time: </b>12:23:13
                     </div>
                     <div>
                        <b>End time: </b>12:23:13
                     </div>
                     <div>
                        <b>Duration: </b>0 ms
                        
                     </div>
                  </div>
               </td>
            </tr>
            <tr></tr>
         </table>
         <br></br>
         <table class="testMethodsTable" cellpadding="0" cellspacing="0">
            <tr>
               <td colspan="4">
                  <h3 style="display: inline;">test_fbLogin.TC2_LoginWithInvalidPassword</h3>
               </td>
            </tr>
            <tr class="methodsTableHeader">
               <td width="100%">Name</td>
               <td nowrap="true">Started</td>
               <td nowrap="true">Duration</td>
               <td>Exception</td>
            </tr>
            <tr id="test_fbLogin.TC2_LoginWithInvalidPassword_setUp_byClass_SKIP1_row"
                class="testMethodStatusSKIP testMethodStatusCONF">
               <td width="100%" class="firstMethodCell">
                  <a onclick="toggleDetailsVisibility('test_fbLogin.TC2_LoginWithInvalidPassword_setUp_byClass_SKIP1_details')">setUp()</a>
               </td>
               <td nowrap="true">12:23:13</td>
               <td nowrap="true" align="right">0 ms
                  
               </td>
               <td nowrap="true">
                   
                  
               </td>
            </tr>
            <tr>
               <td colspan="4" class="detailsBox">
                  <div id="test_fbLogin.TC2_LoginWithInvalidPassword_setUp_byClass_SKIP1_details"
                       class="testMethodDetails">
                     <div>
                        <b>Name: </b>setUp
                     </div>
                     <div>
                        <b>Signature: </b>setUp(java.lang.String)[pri:0, instance:test_fbLogin.TC2_LoginWithInvalidPassword@735f7ae5]
                     </div>
                     <div>
                        <b>Start time: </b>12:23:13
                     </div>
                     <div>
                        <b>End time: </b>12:23:13
                     </div>
                     <div>
                        <b>Duration: </b>0 ms
                        
                     </div>
                  </div>
               </td>
            </tr>
            <tr></tr>
            <tr id="test_fbLogin.TC2_LoginWithInvalidPassword_test_fbLoginWithInvalidPassword_byClass_SKIP2_row"
                class="testMethodStatusSKIP">
               <td width="100%" class="firstMethodCell">
                  <a onclick="toggleDetailsVisibility('test_fbLogin.TC2_LoginWithInvalidPassword_test_fbLoginWithInvalidPassword_byClass_SKIP2_details')">test_fbLoginWithInvalidPassword()</a>
               </td>
               <td nowrap="true">12:23:13</td>
               <td nowrap="true" align="right">1 ms
                  
               </td>
               <td nowrap="true">
                   
                  
               </td>
            </tr>
            <tr>
               <td colspan="4" class="detailsBox">
                  <div id="test_fbLogin.TC2_LoginWithInvalidPassword_test_fbLoginWithInvalidPassword_byClass_SKIP2_details"
                       class="testMethodDetails">
                     <div>
                        <b>Name: </b>test_fbLoginWithInvalidPassword
                     </div>
                     <div>
                        <b>Signature: </b>test_fbLoginWithInvalidPassword()[pri:0, instance:test_fbLogin.TC2_LoginWithInvalidPassword@735f7ae5]
                     </div>
                     <div>
                        <b>Start time: </b>12:23:13
                     </div>
                     <div>
                        <b>End time: </b>12:23:13
                     </div>
                     <div>
                        <b>Duration: </b>1 ms
                        
                     </div>
                  </div>
               </td>
            </tr>
            <tr></tr>
            <tr id="test_fbLogin.TC2_LoginWithInvalidPassword_tearDown_byClass_SKIP3_row"
                class="testMethodStatusSKIP testMethodStatusCONF">
               <td width="100%" class="firstMethodCell">
                  <a onclick="toggleDetailsVisibility('test_fbLogin.TC2_LoginWithInvalidPassword_tearDown_byClass_SKIP3_details')">tearDown()</a>
               </td>
               <td nowrap="true">12:23:13</td>
               <td nowrap="true" align="right">0 ms
                  
               </td>
               <td nowrap="true">
                   
                  
               </td>
            </tr>
            <tr>
               <td colspan="4" class="detailsBox">
                  <div id="test_fbLogin.TC2_LoginWithInvalidPassword_tearDown_byClass_SKIP3_details"
                       class="testMethodDetails">
                     <div>
                        <b>Name: </b>tearDown
                     </div>
                     <div>
                        <b>Signature: </b>tearDown()[pri:0, instance:test_fbLogin.TC2_LoginWithInvalidPassword@735f7ae5]
                     </div>
                     <div>
                        <b>Start time: </b>12:23:13
                     </div>
                     <div>
                        <b>End time: </b>12:23:13
                     </div>
                     <div>
                        <b>Duration: </b>0 ms
                        
                     </div>
                  </div>
               </td>
            </tr>
            <tr></tr>
         </table>
         <br></br>
         <table class="testMethodsTable" cellpadding="0" cellspacing="0">
            <tr>
               <td colspan="4">
                  <h3 style="display: inline;">test_fbSignup.CreateFBAccount</h3>
               </td>
            </tr>
            <tr class="methodsTableHeader">
               <td width="100%">Name</td>
               <td nowrap="true">Started</td>
               <td nowrap="true">Duration</td>
               <td>Exception</td>
            </tr>
            <tr id="test_fbSignup.CreateFBAccount_setUp_byClass_SKIP1_row"
                class="testMethodStatusSKIP testMethodStatusCONF">
               <td width="100%" class="firstMethodCell">
                  <a onclick="toggleDetailsVisibility('test_fbSignup.CreateFBAccount_setUp_byClass_SKIP1_details')">setUp()</a>
               </td>
               <td nowrap="true">12:23:13</td>
               <td nowrap="true" align="right">0 ms
                  
               </td>
               <td nowrap="true">
                   
                  
               </td>
            </tr>
            <tr>
               <td colspan="4" class="detailsBox">
                  <div id="test_fbSignup.CreateFBAccount_setUp_byClass_SKIP1_details"
                       class="testMethodDetails">
                     <div>
                        <b>Name: </b>setUp
                     </div>
                     <div>
                        <b>Signature: </b>setUp(java.lang.String)[pri:0, instance:test_fbSignup.CreateFBAccount@180bc464]
                     </div>
                     <div>
                        <b>Start time: </b>12:23:13
                     </div>
                     <div>
                        <b>End time: </b>12:23:13
                     </div>
                     <div>
                        <b>Duration: </b>0 ms
                        
                     </div>
                  </div>
               </td>
            </tr>
            <tr></tr>
            <tr id="test_fbSignup.CreateFBAccount_tearDown_byClass_SKIP2_row"
                class="testMethodStatusSKIP testMethodStatusCONF">
               <td width="100%" class="firstMethodCell">
                  <a onclick="toggleDetailsVisibility('test_fbSignup.CreateFBAccount_tearDown_byClass_SKIP2_details')">tearDown()</a>
               </td>
               <td nowrap="true">12:23:13</td>
               <td nowrap="true" align="right">0 ms
                  
               </td>
               <td nowrap="true">
                   
                  
               </td>
            </tr>
            <tr>
               <td colspan="4" class="detailsBox">
                  <div id="test_fbSignup.CreateFBAccount_tearDown_byClass_SKIP2_details"
                       class="testMethodDetails">
                     <div>
                        <b>Name: </b>tearDown
                     </div>
                     <div>
                        <b>Signature: </b>tearDown()[pri:0, instance:test_fbSignup.CreateFBAccount@180bc464]
                     </div>
                     <div>
                        <b>Start time: </b>12:23:13
                     </div>
                     <div>
                        <b>End time: </b>12:23:13
                     </div>
                     <div>
                        <b>Duration: </b>0 ms
                        
                     </div>
                  </div>
               </td>
            </tr>
            <tr></tr>
            <tr id="test_fbSignup.CreateFBAccount_verifyDropdownFuntionlity_byClass_SKIP3_row"
                class="testMethodStatusSKIP">
               <td width="100%" class="firstMethodCell">
                  <a onclick="toggleDetailsVisibility('test_fbSignup.CreateFBAccount_verifyDropdownFuntionlity_byClass_SKIP3_details')">verifyDropdownFuntionlity()</a>
               </td>
               <td nowrap="true">12:23:13</td>
               <td nowrap="true" align="right">0 ms
                  
               </td>
               <td nowrap="true">
                   
                  
               </td>
            </tr>
            <tr>
               <td colspan="4" class="detailsBox">
                  <div id="test_fbSignup.CreateFBAccount_verifyDropdownFuntionlity_byClass_SKIP3_details"
                       class="testMethodDetails">
                     <div>
                        <b>Name: </b>verifyDropdownFuntionlity
                     </div>
                     <div>
                        <b>Signature: </b>verifyDropdownFuntionlity()[pri:0, instance:test_fbSignup.CreateFBAccount@180bc464]
                     </div>
                     <div>
                        <b>Start time: </b>12:23:13
                     </div>
                     <div>
                        <b>End time: </b>12:23:13
                     </div>
                     <div>
                        <b>Duration: </b>0 ms
                        
                     </div>
                  </div>
               </td>
            </tr>
            <tr></tr>
         </table>
         <br></br>
      </div>
      <div style="margin-top: 15px; color: gray; text-align: center; font-size: 9px;">
         Generated with
         
         <a href="http://code.google.com/p/testng-xslt/" style="color: #8888aa;"
            target="_blank">
            TestNG XSLT
            
         </a>
      </div>
   </body>
</html>