<!DOCTYPE html PUBLIC "-//W3C//DTD XHTML 1.1//EN" "http://www.w3.org/TR/xhtml11/DTD/xhtml11.dtd">
<html xmlns="http://www.w3.org/1999/xhtml"><head><title>TestNG Report</title><style type="text/css">table {margin-bottom:10px;border-collapse:collapse;empty-cells:show}th,td {border:1px solid #009;padding:.25em .5em}th {vertical-align:bottom}td {vertical-align:top}table a {font-weight:bold}.stripe td {background-color: #E6EBF9}.num {text-align:right}.passedodd td {background-color: #3F3}.passedeven td {background-color: #0A0}.skippedodd td {background-color: #DDD}.skippedeven td {background-color: #CCC}.failedodd td,.attn {background-color: #F33}.failedeven td,.stripe .attn {background-color: #D00}.stacktrace {white-space:pre;font-family:monospace}.totop {font-size:85%;text-align:center;border-bottom:2px solid #000}</style></head><body><table><tr><th>Test</th><th># Passed</th><th># Skipped</th><th># Failed</th><th>Time (ms)</th><th>Included Groups</th><th>Excluded Groups</th></tr><tr><th colspan="7">RegressionSuite</th></tr><tr><td><a href="#t0">Chrome test</a></td><td class="num">2</td><td class="num attn">1</td><td class="num attn">2</td><td class="num">42,777</td><td></td><td></td></tr><tr class="stripe"><td><a href="#t1">Firefox test</a></td><td class="num">1</td><td class="num attn">1</td><td class="num attn">3</td><td class="num">54,638</td><td></td><td></td></tr><tr><td><a href="#t2">Internet Exp test</a></td><td class="num">0</td><td class="num attn">5</td><td class="num">0</td><td class="num">3</td><td></td><td></td></tr><tr><th>Total</th><th class="num">3</th><th class="num attn">7</th><th class="num attn">5</th><th class="num">97,418</th><th colspan="2"></th></tr></table><table><thead><tr><th>Class</th><th>Method</th><th>Start</th><th>Time (ms)</th></tr></thead><tbody><tr><th colspan="4">RegressionSuite</th></tr></tbody><tbody id="t0"><tr><th colspan="4">Chrome test &#8212; failed</th></tr><tr class="failedeven"><td rowspan="1">test_fbLogin.TC1_LoginWithInvalidCredential</td><td><a href="#m0">test_fbLoginWithInvalidCredential</a></td><td rowspan="1">1542559493297</td><td rowspan="1">454</td></tr><tr class="failedodd"><td rowspan="1">test_fbSignup.CreateFBAccount</td><td><a href="#m1">verifyDropdownFuntionlity</a></td><td rowspan="1">1542559511296</td><td rowspan="1">388</td></tr><tr><th colspan="4">Chrome test &#8212; skipped</th></tr><tr class="skippedeven"><td rowspan="1">test_assert.AssertTesting</td><td><a href="#m2">testSoftAssert</a></td><td rowspan="1">1542559525787</td><td rowspan="1">462</td></tr><tr><th colspan="4">Chrome test &#8212; passed</th></tr><tr class="passedeven"><td rowspan="1">test_assert.AssertTesting</td><td><a href="#m3">testAssertion</a></td><td rowspan="1">1542559518479</td><td rowspan="1">365</td></tr><tr class="passedodd"><td rowspan="1">test_fbLogin.TC2_LoginWithInvalidPassword</td><td><a href="#m4">test_fbLoginWithInvalidPassword</a></td><td rowspan="1">1542559500551</td><td rowspan="1">3785</td></tr></tbody><tbody id="t1"><tr><th colspan="4">Firefox test &#8212; failed (configuration methods)</th></tr><tr class="failedeven"><td rowspan="1">test_fbLogin.TC1_LoginWithInvalidCredential</td><td><a href="#m5">closeDriver</a></td><td rowspan="1">1542559583584</td><td rowspan="1">0</td></tr><tr><th colspan="4">Firefox test &#8212; failed</th></tr><tr class="failedeven"><td rowspan="1">test_fbLogin.TC1_LoginWithInvalidCredential</td><td><a href="#m6">test_fbLoginWithInvalidCredential</a></td><td rowspan="1">1542559535799</td><td rowspan="1">475</td></tr><tr class="failedodd"><td rowspan="1">test_fbLogin.TC2_LoginWithInvalidPassword</td><td><a href="#m7">test_fbLoginWithInvalidPassword</a></td><td rowspan="1">1542559559911</td><td rowspan="1">465</td></tr><tr class="failedeven"><td rowspan="1">test_fbSignup.CreateFBAccount</td><td><a href="#m8">verifyDropdownFuntionlity</a></td><td rowspan="1">1542559567437</td><td rowspan="1">49</td></tr><tr><th colspan="4">Firefox test &#8212; skipped</th></tr><tr class="skippedeven"><td rowspan="1">test_assert.AssertTesting</td><td><a href="#m9">testSoftAssert</a></td><td rowspan="1">1542559582307</td><td rowspan="1">163</td></tr><tr><th colspan="4">Firefox test &#8212; passed</th></tr><tr class="passedeven"><td rowspan="1">test_assert.AssertTesting</td><td><a href="#m10">testAssertion</a></td><td rowspan="1">1542559574780</td><td rowspan="1">151</td></tr></tbody><tbody id="t2"><tr><th colspan="4">Internet Exp test &#8212; failed (configuration methods)</th></tr><tr class="failedeven"><td rowspan="1">test_fbLogin.TC1_LoginWithInvalidCredential</td><td><a href="#m11">setUp</a></td><td rowspan="1">1542559583711</td><td rowspan="1">0</td></tr><tr><th colspan="4">Internet Exp test &#8212; skipped (configuration methods)</th></tr><tr class="skippedeven"><td rowspan="4">test_assert.AssertTesting</td><td><a href="#m12">setUp</a></td><td rowspan="2">1542559583714</td><td rowspan="2">0</td></tr><tr class="skippedeven"><td><a href="#m13">setUp</a></td></tr><tr class="skippedeven"><td><a href="#m14">tearDown</a></td><td rowspan="2">1542559583714</td><td rowspan="2">0</td></tr><tr class="skippedeven"><td><a href="#m15">tearDown</a></td></tr><tr class="skippedodd"><td rowspan="3">test_fbLogin.TC1_LoginWithInvalidCredential</td><td><a href="#m16">afterSuite</a></td><td rowspan="1">1542559583745</td><td rowspan="1">0</td></tr><tr class="skippedodd"><td><a href="#m17">closeDriver</a></td><td rowspan="1">1542559583714</td><td rowspan="1">0</td></tr><tr class="skippedodd"><td><a href="#m18">tearDown</a></td><td rowspan="1">1542559583712</td><td rowspan="1">0</td></tr><tr class="skippedeven"><td rowspan="2">test_fbLogin.TC2_LoginWithInvalidPassword</td><td><a href="#m19">setUp</a></td><td rowspan="1">1542559583712</td><td rowspan="1">0</td></tr><tr class="skippedeven"><td><a href="#m20">tearDown</a></td><td rowspan="1">1542559583713</td><td rowspan="1">0</td></tr><tr class="skippedodd"><td rowspan="2">test_fbSignup.CreateFBAccount</td><td><a href="#m21">setUp</a></td><td rowspan="1">1542559583713</td><td rowspan="1">0</td></tr><tr class="skippedodd"><td><a href="#m22">tearDown</a></td><td rowspan="1">1542559583713</td><td rowspan="1">0</td></tr><tr><th colspan="4">Internet Exp test &#8212; skipped</th></tr><tr class="skippedeven"><td rowspan="2">test_assert.AssertTesting</td><td><a href="#m23">testAssertion</a></td><td rowspan="1">1542559583713</td><td rowspan="1">0</td></tr><tr class="skippedeven"><td><a href="#m24">testSoftAssert</a></td><td rowspan="1">1542559583714</td><td rowspan="1">0</td></tr><tr class="skippedodd"><td rowspan="1">test_fbLogin.TC1_LoginWithInvalidCredential</td><td><a href="#m25">test_fbLoginWithInvalidCredential</a></td><td rowspan="1">1542559583712</td><td rowspan="1">0</td></tr><tr class="skippedeven"><td rowspan="1">test_fbLogin.TC2_LoginWithInvalidPassword</td><td><a href="#m26">test_fbLoginWithInvalidPassword</a></td><td rowspan="1">1542559583712</td><td rowspan="1">0</td></tr><tr class="skippedodd"><td rowspan="1">test_fbSignup.CreateFBAccount</td><td><a href="#m27">verifyDropdownFuntionlity</a></td><td rowspan="1">1542559583713</td><td rowspan="1">0</td></tr></tbody></table><h2>Chrome test</h2><h3 id="m0">test_fbLogin.TC1_LoginWithInvalidCredential#test_fbLoginWithInvalidCredential</h3><table class="result"><tr><th>Exception</th></tr><tr><td><div class="stacktrace">org.openqa.selenium.ElementNotVisibleException: element not interactable
  (Session info: chrome=70.0.3538.102)
  (Driver info: chromedriver=2.42.591088 (7b2b2dca23cca0862f674758c9a3933e685c27d5),platform=Windows NT 10.0.17134 x86_64) (WARNING: The server did not provide any stacktrace information)
Command duration or timeout: 0 milliseconds
Build info: version: &apos;3.14.0&apos;, revision: &apos;aacccce0&apos;, time: &apos;2018-08-02T20:05:20.749Z&apos;
System info: host: &apos;DESKTOP-D7B0KO9&apos;, ip: &apos;192.168.1.27&apos;, os.name: &apos;Windows 10&apos;, os.arch: &apos;amd64&apos;, os.version: &apos;10.0&apos;, java.version: &apos;1.8.0_172&apos;
Driver info: org.openqa.selenium.chrome.ChromeDriver
Capabilities {acceptInsecureCerts: false, acceptSslCerts: false, applicationCacheEnabled: false, browserConnectionEnabled: false, browserName: chrome, chrome: {chromedriverVersion: 2.42.591088 (7b2b2dca23cca0..., userDataDir: C:\Users\TALENT~1\AppData\L...}, cssSelectorsEnabled: true, databaseEnabled: false, goog:chromeOptions: {debuggerAddress: localhost:51142}, handlesAlerts: true, hasTouchScreen: false, javascriptEnabled: true, locationContextEnabled: true, mobileEmulationEnabled: false, nativeEvents: true, networkConnectionEnabled: false, pageLoadStrategy: normal, platform: XP, platformName: XP, rotatable: false, setWindowRect: true, takesHeapSnapshot: true, takesScreenshot: true, unexpectedAlertBehaviour: , unhandledPromptBehavior: , version: 70.0.3538.102, webStorageEnabled: true}
Session ID: 4d4cd59c9e45093717d0084a0f6856c3
	at org.openqa.selenium.remote.ErrorHandler.createThrowable(ErrorHandler.java:214)
	at org.openqa.selenium.remote.ErrorHandler.throwIfResponseFailed(ErrorHandler.java:166)
	at org.openqa.selenium.remote.http.JsonHttpResponseCodec.reconstructValue(JsonHttpResponseCodec.java:40)
	at org.openqa.selenium.remote.http.AbstractHttpResponseCodec.decode(AbstractHttpResponseCodec.java:80)
	at org.openqa.selenium.remote.http.AbstractHttpResponseCodec.decode(AbstractHttpResponseCodec.java:44)
	at org.openqa.selenium.remote.HttpCommandExecutor.execute(HttpCommandExecutor.java:158)
	at org.openqa.selenium.remote.service.DriverCommandExecutor.execute(DriverCommandExecutor.java:83)
	at org.openqa.selenium.remote.RemoteWebDriver.execute(RemoteWebDriver.java:548)
	at org.openqa.selenium.remote.RemoteWebElement.execute(RemoteWebElement.java:276)
	at org.openqa.selenium.remote.RemoteWebElement.click(RemoteWebElement.java:83)
	at utils.SWDFunctions.clickByXpath(SWDFunctions.java:33)
	at test_fbLogin.TC1_LoginWithInvalidCredential.test_fbLoginWithInvalidCredential(TC1_LoginWithInvalidCredential.java:23)
... Removed 27 stack frames</div></td></tr></table><p class="totop"><a href="#summary">back to summary</a></p><h3 id="m1">test_fbSignup.CreateFBAccount#verifyDropdownFuntionlity</h3><table class="result"><tr><th>Exception</th></tr><tr><td><div class="stacktrace">org.openqa.selenium.NoSuchElementException: no such element: Unable to locate element: {&quot;method&quot;:&quot;id&quot;,&quot;selector&quot;:&quot;&quot;}
  (Session info: chrome=70.0.3538.102)
  (Driver info: chromedriver=2.42.591088 (7b2b2dca23cca0862f674758c9a3933e685c27d5),platform=Windows NT 10.0.17134 x86_64) (WARNING: The server did not provide any stacktrace information)
Command duration or timeout: 0 milliseconds
For documentation on this error, please visit: http://seleniumhq.org/exceptions/no_such_element.html
Build info: version: &apos;3.14.0&apos;, revision: &apos;aacccce0&apos;, time: &apos;2018-08-02T20:05:20.749Z&apos;
System info: host: &apos;DESKTOP-D7B0KO9&apos;, ip: &apos;192.168.1.27&apos;, os.name: &apos;Windows 10&apos;, os.arch: &apos;amd64&apos;, os.version: &apos;10.0&apos;, java.version: &apos;1.8.0_172&apos;
Driver info: org.openqa.selenium.chrome.ChromeDriver
Capabilities {acceptInsecureCerts: false, acceptSslCerts: false, applicationCacheEnabled: false, browserConnectionEnabled: false, browserName: chrome, chrome: {chromedriverVersion: 2.42.591088 (7b2b2dca23cca0..., userDataDir: C:\Users\TALENT~1\AppData\L...}, cssSelectorsEnabled: true, databaseEnabled: false, goog:chromeOptions: {debuggerAddress: localhost:51226}, handlesAlerts: true, hasTouchScreen: false, javascriptEnabled: true, locationContextEnabled: true, mobileEmulationEnabled: false, nativeEvents: true, networkConnectionEnabled: false, pageLoadStrategy: normal, platform: XP, platformName: XP, rotatable: false, setWindowRect: true, takesHeapSnapshot: true, takesScreenshot: true, unexpectedAlertBehaviour: , unhandledPromptBehavior: , version: 70.0.3538.102, webStorageEnabled: true}
Session ID: e66ad4e2fe3d8dcf876182cbb075d57a
*** Element info: {Using=id, value=}
	at org.openqa.selenium.remote.ErrorHandler.createThrowable(ErrorHandler.java:214)
	at org.openqa.selenium.remote.ErrorHandler.throwIfResponseFailed(ErrorHandler.java:166)
	at org.openqa.selenium.remote.http.JsonHttpResponseCodec.reconstructValue(JsonHttpResponseCodec.java:40)
	at org.openqa.selenium.remote.http.AbstractHttpResponseCodec.decode(AbstractHttpResponseCodec.java:80)
	at org.openqa.selenium.remote.http.AbstractHttpResponseCodec.decode(AbstractHttpResponseCodec.java:44)
	at org.openqa.selenium.remote.HttpCommandExecutor.execute(HttpCommandExecutor.java:158)
	at org.openqa.selenium.remote.service.DriverCommandExecutor.execute(DriverCommandExecutor.java:83)
	at org.openqa.selenium.remote.RemoteWebDriver.execute(RemoteWebDriver.java:548)
	at org.openqa.selenium.remote.RemoteWebDriver.findElement(RemoteWebDriver.java:322)
	at org.openqa.selenium.remote.RemoteWebDriver.findElementById(RemoteWebDriver.java:368)
	at org.openqa.selenium.By$ById.findElement(By.java:188)
	at org.openqa.selenium.remote.RemoteWebDriver.findElement(RemoteWebDriver.java:314)
	at utils.SWDFunctions.dropDownByIdUsingValue(SWDFunctions.java:44)
	at test_fbSignup.CreateFBAccount.verifyDropdownFuntionlity(CreateFBAccount.java:12)
... Removed 27 stack frames</div></td></tr></table><p class="totop"><a href="#summary">back to summary</a></p><h3 id="m2">test_assert.AssertTesting#testSoftAssert</h3><table class="result"><tr><th>Exception</th></tr><tr><td><div class="stacktrace">org.testng.SkipException: Skipping it becuase this test case no longer needed: JIRA-1233
	at test_assert.AssertTesting.testSoftAssert(AssertTesting.java:44)
... Removed 23 stack frames</div></td></tr></table><p class="totop"><a href="#summary">back to summary</a></p><h3 id="m3">test_assert.AssertTesting#testAssertion</h3><table class="result"></table><p class="totop"><a href="#summary">back to summary</a></p><h3 id="m4">test_fbLogin.TC2_LoginWithInvalidPassword#test_fbLoginWithInvalidPassword</h3><table class="result"></table><p class="totop"><a href="#summary">back to summary</a></p><h2>Firefox test</h2><h3 id="m5">test_fbLogin.TC1_LoginWithInvalidCredential#closeDriver</h3><table class="result"><tr><th>Exception</th></tr><tr><td><div class="stacktrace">org.openqa.selenium.NoSuchSessionException: Tried to run command without establishing a connection
Build info: version: &apos;3.14.0&apos;, revision: &apos;aacccce0&apos;, time: &apos;2018-08-02T20:05:20.749Z&apos;
System info: host: &apos;DESKTOP-D7B0KO9&apos;, ip: &apos;192.168.1.27&apos;, os.name: &apos;Windows 10&apos;, os.arch: &apos;amd64&apos;, os.version: &apos;10.0&apos;, java.version: &apos;1.8.0_172&apos;
Driver info: org.openqa.selenium.firefox.FirefoxDriver
Capabilities {acceptInsecureCerts: true, browserName: firefox, browserVersion: 63.0.3, javascriptEnabled: true, moz:accessibilityChecks: false, moz:geckodriverVersion: 0.23.0, moz:headless: false, moz:processID: 3340, moz:profile: C:\Users\talentTEK\AppData\..., moz:useNonSpecCompliantPointerOrigin: false, moz:webdriverClick: true, pageLoadStrategy: normal, platform: WINDOWS, platformName: WINDOWS, platformVersion: 10.0, rotatable: false, setWindowRect: true, timeouts: {implicit: 0, pageLoad: 300000, script: 30000}, unhandledPromptBehavior: dismiss and notify}
Session ID: 8fb618b9-0a94-40f1-abe3-3e6d3ef7e0be
	at org.openqa.selenium.remote.http.W3CHttpResponseCodec.createException(W3CHttpResponseCodec.java:187)
	at org.openqa.selenium.remote.http.W3CHttpResponseCodec.decode(W3CHttpResponseCodec.java:122)
	at org.openqa.selenium.remote.http.W3CHttpResponseCodec.decode(W3CHttpResponseCodec.java:49)
	at org.openqa.selenium.remote.HttpCommandExecutor.execute(HttpCommandExecutor.java:158)
	at org.openqa.selenium.remote.service.DriverCommandExecutor.execute(DriverCommandExecutor.java:83)
	at org.openqa.selenium.remote.RemoteWebDriver.execute(RemoteWebDriver.java:548)
	at org.openqa.selenium.remote.RemoteWebDriver.execute(RemoteWebDriver.java:605)
	at org.openqa.selenium.remote.RemoteWebDriver.quit(RemoteWebDriver.java:448)
	at base.config.closeDriver(config.java:47)
... Removed 25 stack frames</div></td></tr></table><p class="totop"><a href="#summary">back to summary</a></p><h3 id="m6">test_fbLogin.TC1_LoginWithInvalidCredential#test_fbLoginWithInvalidCredential</h3><table class="result"><tr><th>Exception</th></tr><tr><td><div class="stacktrace">org.openqa.selenium.NoSuchElementException: Unable to locate element: //*[@id=&apos;u_0_3&apos;]
For documentation on this error, please visit: http://seleniumhq.org/exceptions/no_such_element.html
Build info: version: &apos;3.14.0&apos;, revision: &apos;aacccce0&apos;, time: &apos;2018-08-02T20:05:20.749Z&apos;
System info: host: &apos;DESKTOP-D7B0KO9&apos;, ip: &apos;192.168.1.27&apos;, os.name: &apos;Windows 10&apos;, os.arch: &apos;amd64&apos;, os.version: &apos;10.0&apos;, java.version: &apos;1.8.0_172&apos;
Driver info: org.openqa.selenium.firefox.FirefoxDriver
Capabilities {acceptInsecureCerts: true, browserName: firefox, browserVersion: 63.0.3, javascriptEnabled: true, moz:accessibilityChecks: false, moz:geckodriverVersion: 0.23.0, moz:headless: false, moz:processID: 3340, moz:profile: C:\Users\talentTEK\AppData\..., moz:useNonSpecCompliantPointerOrigin: false, moz:webdriverClick: true, pageLoadStrategy: normal, platform: WINDOWS, platformName: WINDOWS, platformVersion: 10.0, rotatable: false, setWindowRect: true, timeouts: {implicit: 0, pageLoad: 300000, script: 30000}, unhandledPromptBehavior: dismiss and notify}
Session ID: 8fb618b9-0a94-40f1-abe3-3e6d3ef7e0be
*** Element info: {Using=xpath, value=//*[@id=&apos;u_0_3&apos;]}
	at org.openqa.selenium.remote.http.W3CHttpResponseCodec.createException(W3CHttpResponseCodec.java:187)
	at org.openqa.selenium.remote.http.W3CHttpResponseCodec.decode(W3CHttpResponseCodec.java:122)
	at org.openqa.selenium.remote.http.W3CHttpResponseCodec.decode(W3CHttpResponseCodec.java:49)
	at org.openqa.selenium.remote.HttpCommandExecutor.execute(HttpCommandExecutor.java:158)
	at org.openqa.selenium.remote.service.DriverCommandExecutor.execute(DriverCommandExecutor.java:83)
	at org.openqa.selenium.remote.RemoteWebDriver.execute(RemoteWebDriver.java:548)
	at org.openqa.selenium.remote.RemoteWebDriver.findElement(RemoteWebDriver.java:322)
	at org.openqa.selenium.remote.RemoteWebDriver.findElementByXPath(RemoteWebDriver.java:424)
	at org.openqa.selenium.By$ByXPath.findElement(By.java:353)
	at org.openqa.selenium.remote.RemoteWebDriver.findElement(RemoteWebDriver.java:314)
	at utils.SWDFunctions.clickByXpath(SWDFunctions.java:33)
	at test_fbLogin.TC1_LoginWithInvalidCredential.test_fbLoginWithInvalidCredential(TC1_LoginWithInvalidCredential.java:23)
... Removed 27 stack frames</div></td></tr></table><p class="totop"><a href="#summary">back to summary</a></p><h3 id="m7">test_fbLogin.TC2_LoginWithInvalidPassword#test_fbLoginWithInvalidPassword</h3><table class="result"><tr><th>Exception</th></tr><tr><td><div class="stacktrace">org.openqa.selenium.NoSuchElementException: Unable to locate element: //*[@id=&apos;u_0_3&apos;]
For documentation on this error, please visit: http://seleniumhq.org/exceptions/no_such_element.html
Build info: version: &apos;3.14.0&apos;, revision: &apos;aacccce0&apos;, time: &apos;2018-08-02T20:05:20.749Z&apos;
System info: host: &apos;DESKTOP-D7B0KO9&apos;, ip: &apos;192.168.1.27&apos;, os.name: &apos;Windows 10&apos;, os.arch: &apos;amd64&apos;, os.version: &apos;10.0&apos;, java.version: &apos;1.8.0_172&apos;
Driver info: org.openqa.selenium.firefox.FirefoxDriver
Capabilities {acceptInsecureCerts: true, browserName: firefox, browserVersion: 63.0.3, javascriptEnabled: true, moz:accessibilityChecks: false, moz:geckodriverVersion: 0.23.0, moz:headless: false, moz:processID: 14148, moz:profile: C:\Users\talentTEK\AppData\..., moz:useNonSpecCompliantPointerOrigin: false, moz:webdriverClick: true, pageLoadStrategy: normal, platform: WINDOWS, platformName: WINDOWS, platformVersion: 10.0, rotatable: false, setWindowRect: true, timeouts: {implicit: 0, pageLoad: 300000, script: 30000}, unhandledPromptBehavior: dismiss and notify}
Session ID: 4598cf75-42ae-4108-83e3-0d934c135343
*** Element info: {Using=xpath, value=//*[@id=&apos;u_0_3&apos;]}
	at org.openqa.selenium.remote.http.W3CHttpResponseCodec.createException(W3CHttpResponseCodec.java:187)
	at org.openqa.selenium.remote.http.W3CHttpResponseCodec.decode(W3CHttpResponseCodec.java:122)
	at org.openqa.selenium.remote.http.W3CHttpResponseCodec.decode(W3CHttpResponseCodec.java:49)
	at org.openqa.selenium.remote.HttpCommandExecutor.execute(HttpCommandExecutor.java:158)
	at org.openqa.selenium.remote.service.DriverCommandExecutor.execute(DriverCommandExecutor.java:83)
	at org.openqa.selenium.remote.RemoteWebDriver.execute(RemoteWebDriver.java:548)
	at org.openqa.selenium.remote.RemoteWebDriver.findElement(RemoteWebDriver.java:322)
	at org.openqa.selenium.remote.RemoteWebDriver.findElementByXPath(RemoteWebDriver.java:424)
	at org.openqa.selenium.By$ByXPath.findElement(By.java:353)
	at org.openqa.selenium.remote.RemoteWebDriver.findElement(RemoteWebDriver.java:314)
	at utils.SWDFunctions.clickByXpath(SWDFunctions.java:33)
	at test_fbLogin.TC2_LoginWithInvalidPassword.test_fbLoginWithInvalidPassword(TC2_LoginWithInvalidPassword.java:23)
... Removed 27 stack frames</div></td></tr></table><p class="totop"><a href="#summary">back to summary</a></p><h3 id="m8">test_fbSignup.CreateFBAccount#verifyDropdownFuntionlity</h3><table class="result"><tr><th>Exception</th></tr><tr><td><div class="stacktrace">org.openqa.selenium.InvalidSelectorException: Given css selector expression &quot;#&quot; is invalid: InvalidSelectorError: &apos;#&apos; is not a valid selector: &quot;#&quot;
For documentation on this error, please visit: http://seleniumhq.org/exceptions/invalid_selector_exception.html
Build info: version: &apos;3.14.0&apos;, revision: &apos;aacccce0&apos;, time: &apos;2018-08-02T20:05:20.749Z&apos;
System info: host: &apos;DESKTOP-D7B0KO9&apos;, ip: &apos;192.168.1.27&apos;, os.name: &apos;Windows 10&apos;, os.arch: &apos;amd64&apos;, os.version: &apos;10.0&apos;, java.version: &apos;1.8.0_172&apos;
Driver info: org.openqa.selenium.firefox.FirefoxDriver
Capabilities {acceptInsecureCerts: true, browserName: firefox, browserVersion: 63.0.3, javascriptEnabled: true, moz:accessibilityChecks: false, moz:geckodriverVersion: 0.23.0, moz:headless: false, moz:processID: 14616, moz:profile: C:\Users\talentTEK\AppData\..., moz:useNonSpecCompliantPointerOrigin: false, moz:webdriverClick: true, pageLoadStrategy: normal, platform: WINDOWS, platformName: WINDOWS, platformVersion: 10.0, rotatable: false, setWindowRect: true, timeouts: {implicit: 0, pageLoad: 300000, script: 30000}, unhandledPromptBehavior: dismiss and notify}
Session ID: bf57baf1-0e36-4899-b33e-2f7b53de1b7a
*** Element info: {Using=id, value=}
	at org.openqa.selenium.remote.http.W3CHttpResponseCodec.createException(W3CHttpResponseCodec.java:187)
	at org.openqa.selenium.remote.http.W3CHttpResponseCodec.decode(W3CHttpResponseCodec.java:122)
	at org.openqa.selenium.remote.http.W3CHttpResponseCodec.decode(W3CHttpResponseCodec.java:49)
	at org.openqa.selenium.remote.HttpCommandExecutor.execute(HttpCommandExecutor.java:158)
	at org.openqa.selenium.remote.service.DriverCommandExecutor.execute(DriverCommandExecutor.java:83)
	at org.openqa.selenium.remote.RemoteWebDriver.execute(RemoteWebDriver.java:548)
	at org.openqa.selenium.remote.RemoteWebDriver.findElement(RemoteWebDriver.java:322)
	at org.openqa.selenium.remote.RemoteWebDriver.findElementById(RemoteWebDriver.java:368)
	at org.openqa.selenium.By$ById.findElement(By.java:188)
	at org.openqa.selenium.remote.RemoteWebDriver.findElement(RemoteWebDriver.java:314)
	at utils.SWDFunctions.dropDownByIdUsingValue(SWDFunctions.java:44)
	at test_fbSignup.CreateFBAccount.verifyDropdownFuntionlity(CreateFBAccount.java:12)
... Removed 27 stack frames</div></td></tr></table><p class="totop"><a href="#summary">back to summary</a></p><h3 id="m9">test_assert.AssertTesting#testSoftAssert</h3><table class="result"><tr><th>Exception</th></tr><tr><td><div class="stacktrace">org.testng.SkipException: Skipping it becuase this test case no longer needed: JIRA-1233
	at test_assert.AssertTesting.testSoftAssert(AssertTesting.java:44)
... Removed 23 stack frames</div></td></tr></table><p class="totop"><a href="#summary">back to summary</a></p><h3 id="m10">test_assert.AssertTesting#testAssertion</h3><table class="result"></table><p class="totop"><a href="#summary">back to summary</a></p><h2>Internet Exp test</h2><h3 id="m11">test_fbLogin.TC1_LoginWithInvalidCredential#setUp</h3><table class="result"><tr class="param"><th>Parameter #1</th></tr><tr class="param stripe"><td>ie</td></tr><tr><th>Exception</th></tr><tr><td><div class="stacktrace">java.lang.NullPointerException
	at base.config.setUp(config.java:36)
... Removed 25 stack frames</div></td></tr></table><p class="totop"><a href="#summary">back to summary</a></p><h3 id="m12">test_assert.AssertTesting#setUp</h3><table class="result"></table><p class="totop"><a href="#summary">back to summary</a></p><h3 id="m13">test_assert.AssertTesting#setUp</h3><table class="result"></table><p class="totop"><a href="#summary">back to summary</a></p><h3 id="m14">test_assert.AssertTesting#tearDown</h3><table class="result"></table><p class="totop"><a href="#summary">back to summary</a></p><h3 id="m15">test_assert.AssertTesting#tearDown</h3><table class="result"></table><p class="totop"><a href="#summary">back to summary</a></p><h3 id="m16">test_fbLogin.TC1_LoginWithInvalidCredential#afterSuite</h3><table class="result"></table><p class="totop"><a href="#summary">back to summary</a></p><h3 id="m17">test_fbLogin.TC1_LoginWithInvalidCredential#closeDriver</h3><table class="result"></table><p class="totop"><a href="#summary">back to summary</a></p><h3 id="m18">test_fbLogin.TC1_LoginWithInvalidCredential#tearDown</h3><table class="result"></table><p class="totop"><a href="#summary">back to summary</a></p><h3 id="m19">test_fbLogin.TC2_LoginWithInvalidPassword#setUp</h3><table class="result"></table><p class="totop"><a href="#summary">back to summary</a></p><h3 id="m20">test_fbLogin.TC2_LoginWithInvalidPassword#tearDown</h3><table class="result"></table><p class="totop"><a href="#summary">back to summary</a></p><h3 id="m21">test_fbSignup.CreateFBAccount#setUp</h3><table class="result"></table><p class="totop"><a href="#summary">back to summary</a></p><h3 id="m22">test_fbSignup.CreateFBAccount#tearDown</h3><table class="result"></table><p class="totop"><a href="#summary">back to summary</a></p><h3 id="m23">test_assert.AssertTesting#testAssertion</h3><table class="result"></table><p class="totop"><a href="#summary">back to summary</a></p><h3 id="m24">test_assert.AssertTesting#testSoftAssert</h3><table class="result"></table><p class="totop"><a href="#summary">back to summary</a></p><h3 id="m25">test_fbLogin.TC1_LoginWithInvalidCredential#test_fbLoginWithInvalidCredential</h3><table class="result"></table><p class="totop"><a href="#summary">back to summary</a></p><h3 id="m26">test_fbLogin.TC2_LoginWithInvalidPassword#test_fbLoginWithInvalidPassword</h3><table class="result"></table><p class="totop"><a href="#summary">back to summary</a></p><h3 id="m27">test_fbSignup.CreateFBAccount#verifyDropdownFuntionlity</h3><table class="result"></table><p class="totop"><a href="#summary">back to summary</a></p></body></html>